{
  error: ReferenceError: ge is not defined
      at file:///C:/Users/vikas/OneDrive/Desktop/Major/server/src/routes/roadmaptaskroute.js:25:3
      at ModuleJob.run (node:internal/modules/esm/module_job:274:25)
      at async onImport.tracePromise.__proto__ (node:internal/modules/esm/loader:644:26)
      at async asyncRunEntryPointWithESMLoader (node:internal/modules/run_main:116:5),
  level: 'error',
  message: 'uncaughtException: ge is not defined\n' +
    'ReferenceError: ge is not defined\n' +
    '    at file:///C:/Users/vikas/OneDrive/Desktop/Major/server/src/routes/roadmaptaskroute.js:25:3\n' +
    '    at ModuleJob.run (node:internal/modules/esm/module_job:274:25)\n' +
    '    at async onImport.tracePromise.__proto__ (node:internal/modules/esm/loader:644:26)\n' +
    '    at async asyncRunEntryPointWithESMLoader (node:internal/modules/run_main:116:5)',
  stack: 'ReferenceError: ge is not defined\n' +
    '    at file:///C:/Users/vikas/OneDrive/Desktop/Major/server/src/routes/roadmaptaskroute.js:25:3\n' +
    '    at ModuleJob.run (node:internal/modules/esm/module_job:274:25)\n' +
    '    at async onImport.tracePromise.__proto__ (node:internal/modules/esm/loader:644:26)\n' +
    '    at async asyncRunEntryPointWithESMLoader (node:internal/modules/run_main:116:5)',
  exception: true,
  date: 'Mon Mar 16 2026 11:31:20 GMT+0530 (India Standard Time)',
  process: {
    pid: 24356,
    uid: null,
    gid: null,
    cwd: 'C:\\Users\\vikas\\OneDrive\\Desktop\\Major\\server',
    execPath: 'C:\\Program Files\\nodejs\\node.exe',
    version: 'v22.15.0',
    argv: [
      'C:\\Program Files\\nodejs\\node.exe',
      'C:\\Users\\vikas\\OneDrive\\Desktop\\Major\\server\\server.js'
    ],
    memoryUsage: {
      rss: 107282432,
      heapTotal: 64757760,
      heapUsed: 43012728,
      external: 22004107,
      arrayBuffers: 18314818
    }
  },
  os: { loadavg: [ 0, 0, 0 ], uptime: 11063.812 },
  trace: [
    {
      column: 3,
      file: 'file:///C:/Users/vikas/OneDrive/Desktop/Major/server/src/routes/roadmaptaskroute.js',
      function: null,
      line: 25,
      method: null,
      native: false
    },
    {
      column: 25,
      file: 'node:internal/modules/esm/module_job',
      function: 'ModuleJob.run',
      line: 274,
      method: 'run',
      native: false
    },
    {
      column: 26,
      file: 'node:internal/modules/esm/loader',
      function: 'async onImport.tracePromise.__proto__',
      line: 644,
      method: '__proto__',
      native: false
    },
    {
      column: 5,
      file: 'node:internal/modules/run_main',
      function: 'async asyncRunEntryPointWithESMLoader',
      line: 116,
      method: null,
      native: false
    }
  ],
  service: 'careernav-api',
  timestamp: '2026-03-16 11:31:20'
}
{
  error: ReferenceError: get is not defined
      at file:///C:/Users/vikas/OneDrive/Desktop/Major/server/src/routes/roadmaptaskroute.js:25:3
      at ModuleJob.run (node:internal/modules/esm/module_job:274:25)
      at async onImport.tracePromise.__proto__ (node:internal/modules/esm/loader:644:26)
      at async asyncRunEntryPointWithESMLoader (node:internal/modules/run_main:116:5),
  level: 'error',
  message: 'uncaughtException: get is not defined\n' +
    'ReferenceError: get is not defined\n' +
    '    at file:///C:/Users/vikas/OneDrive/Desktop/Major/server/src/routes/roadmaptaskroute.js:25:3\n' +
    '    at ModuleJob.run (node:internal/modules/esm/module_job:274:25)\n' +
    '    at async onImport.tracePromise.__proto__ (node:internal/modules/esm/loader:644:26)\n' +
    '    at async asyncRunEntryPointWithESMLoader (node:internal/modules/run_main:116:5)',
  stack: 'ReferenceError: get is not defined\n' +
    '    at file:///C:/Users/vikas/OneDrive/Desktop/Major/server/src/routes/roadmaptaskroute.js:25:3\n' +
    '    at ModuleJob.run (node:internal/modules/esm/module_job:274:25)\n' +
    '    at async onImport.tracePromise.__proto__ (node:internal/modules/esm/loader:644:26)\n' +
    '    at async asyncRunEntryPointWithESMLoader (node:internal/modules/run_main:116:5)',
  exception: true,
  date: 'Mon Mar 16 2026 11:31:23 GMT+0530 (India Standard Time)',
  process: {
    pid: 10732,
    uid: null,
    gid: null,
    cwd: 'C:\\Users\\vikas\\OneDrive\\Desktop\\Major\\server',
    execPath: 'C:\\Program Files\\nodejs\\node.exe',
    version: 'v22.15.0',
    argv: [
      'C:\\Program Files\\nodejs\\node.exe',
      'C:\\Users\\vikas\\OneDrive\\Desktop\\Major\\server\\server.js'
    ],
    memoryUsage: {
      rss: 108306432,
      heapTotal: 64233472,
      heapUsed: 44206448,
      external: 22004107,
      arrayBuffers: 18314818
    }
  },
  os: { loadavg: [ 0, 0, 0 ], uptime: 11066.578 },
  trace: [
    {
      column: 3,
      file: 'file:///C:/Users/vikas/OneDrive/Desktop/Major/server/src/routes/roadmaptaskroute.js',
      function: null,
      line: 25,
      method: null,
      native: false
    },
    {
      column: 25,
      file: 'node:internal/modules/esm/module_job',
      function: 'ModuleJob.run',
      line: 274,
      method: 'run',
      native: false
    },
    {
      column: 26,
      file: 'node:internal/modules/esm/loader',
      function: 'async onImport.tracePromise.__proto__',
      line: 644,
      method: '__proto__',
      native: false
    },
    {
      column: 5,
      file: 'node:internal/modules/run_main',
      function: 'async asyncRunEntryPointWithESMLoader',
      line: 116,
      method: null,
      native: false
    }
  ],
  service: 'careernav-api',
  timestamp: '2026-03-16 11:31:23'
}
{
  error: ReferenceError: async is not defined
      at file:///C:/Users/vikas/OneDrive/Desktop/Major/server/src/controllers/roadmapTask.controller.js:40:25
      at ModuleJob.run (node:internal/modules/esm/module_job:274:25)
      at async onImport.tracePromise.__proto__ (node:internal/modules/esm/loader:644:26)
      at async asyncRunEntryPointWithESMLoader (node:internal/modules/run_main:116:5),
  level: 'error',
  message: 'uncaughtException: async is not defined\n' +
    'ReferenceError: async is not defined\n' +
    '    at file:///C:/Users/vikas/OneDrive/Desktop/Major/server/src/controllers/roadmapTask.controller.js:40:25\n' +
    '    at ModuleJob.run (node:internal/modules/esm/module_job:274:25)\n' +
    '    at async onImport.tracePromise.__proto__ (node:internal/modules/esm/loader:644:26)\n' +
    '    at async asyncRunEntryPointWithESMLoader (node:internal/modules/run_main:116:5)',
  stack: 'ReferenceError: async is not defined\n' +
    '    at file:///C:/Users/vikas/OneDrive/Desktop/Major/server/src/controllers/roadmapTask.controller.js:40:25\n' +
    '    at ModuleJob.run (node:internal/modules/esm/module_job:274:25)\n' +
    '    at async onImport.tracePromise.__proto__ (node:internal/modules/esm/loader:644:26)\n' +
    '    at async asyncRunEntryPointWithESMLoader (node:internal/modules/run_main:116:5)',
  exception: true,
  date: 'Mon Mar 16 2026 11:37:02 GMT+0530 (India Standard Time)',
  process: {
    pid: 12600,
    uid: null,
    gid: null,
    cwd: 'C:\\Users\\vikas\\OneDrive\\Desktop\\Major\\server',
    execPath: 'C:\\Program Files\\nodejs\\node.exe',
    version: 'v22.15.0',
    argv: [
      'C:\\Program Files\\nodejs\\node.exe',
      'C:\\Users\\vikas\\OneDrive\\Desktop\\Major\\server\\server.js'
    ],
    memoryUsage: {
      rss: 108290048,
      heapTotal: 64233472,
      heapUsed: 44114832,
      external: 22004107,
      arrayBuffers: 18314818
    }
  },
  os: { loadavg: [ 0, 0, 0 ], uptime: 11405.796 },
  trace: [
    {
      column: 25,
      file: 'file:///C:/Users/vikas/OneDrive/Desktop/Major/server/src/controllers/roadmapTask.controller.js',
      function: null,
      line: 40,
      method: null,
      native: false
    },
    {
      column: 25,
      file: 'node:internal/modules/esm/module_job',
      function: 'ModuleJob.run',
      line: 274,
      method: 'run',
      native: false
    },
    {
      column: 26,
      file: 'node:internal/modules/esm/loader',
      function: 'async onImport.tracePromise.__proto__',
      line: 644,
      method: '__proto__',
      native: false
    },
    {
      column: 5,
      file: 'node:internal/modules/run_main',
      function: 'async asyncRunEntryPointWithESMLoader',
      line: 116,
      method: null,
      native: false
    }
  ],
  service: 'careernav-api',
  timestamp: '2026-03-16 11:37:02'
}
{
  error: Error: GEMINI_API_KEY is missing in environment variables
      at file:///C:/Users/vikas/OneDrive/Desktop/Major/server/src/config/Aiconfig.js:7:9
      at ModuleJob.run (node:internal/modules/esm/module_job:274:25)
      at async onImport.tracePromise.__proto__ (node:internal/modules/esm/loader:644:26)
      at async file:///C:/Users/vikas/OneDrive/Desktop/Major/[eval1]:2:1,
  level: 'error',
  message: 'uncaughtException: GEMINI_API_KEY is missing in environment variables\n' +
    'Error: GEMINI_API_KEY is missing in environment variables\n' +
    '    at file:///C:/Users/vikas/OneDrive/Desktop/Major/server/src/config/Aiconfig.js:7:9\n' +
    '    at ModuleJob.run (node:internal/modules/esm/module_job:274:25)\n' +
    '    at async onImport.tracePromise.__proto__ (node:internal/modules/esm/loader:644:26)\n' +
    '    at async file:///C:/Users/vikas/OneDrive/Desktop/Major/[eval1]:2:1',
  stack: 'Error: GEMINI_API_KEY is missing in environment variables\n' +
    '    at file:///C:/Users/vikas/OneDrive/Desktop/Major/server/src/config/Aiconfig.js:7:9\n' +
    '    at ModuleJob.run (node:internal/modules/esm/module_job:274:25)\n' +
    '    at async onImport.tracePromise.__proto__ (node:internal/modules/esm/loader:644:26)\n' +
    '    at async file:///C:/Users/vikas/OneDrive/Desktop/Major/[eval1]:2:1',
  exception: true,
  date: 'Wed Apr 15 2026 23:34:07 GMT+0530 (India Standard Time)',
  process: {
    pid: 27572,
    uid: null,
    gid: null,
    cwd: 'C:\\Users\\vikas\\OneDrive\\Desktop\\Major',
    execPath: 'C:\\Program Files\\nodejs\\node.exe',
    version: 'v22.15.0',
    argv: [ 'C:\\Program Files\\nodejs\\node.exe', '-' ],
    memoryUsage: {
      rss: 101322752,
      heapTotal: 64208896,
      heapUsed: 35256728,
      external: 22401469,
      arrayBuffers: 18793588
    }
  },
  os: { loadavg: [ 0, 0, 0 ], uptime: 6847.578 },
  trace: [
    {
      column: 9,
      file: 'file:///C:/Users/vikas/OneDrive/Desktop/Major/server/src/config/Aiconfig.js',
      function: null,
      line: 7,
      method: null,
      native: false
    },
    {
      column: 25,
      file: 'node:internal/modules/esm/module_job',
      function: 'ModuleJob.run',
      line: 274,
      method: 'run',
      native: false
    },
    {
      column: 26,
      file: 'node:internal/modules/esm/loader',
      function: 'async onImport.tracePromise.__proto__',
      line: 644,
      method: '__proto__',
      native: false
    },
    {
      column: 1,
      file: 'async file:///C:/Users/vikas/OneDrive/Desktop/Major/[eval1]',
      function: null,
      line: 2,
      method: null,
      native: false
    }
  ],
  service: 'careernav-api',
  timestamp: '2026-04-15 23:34:07'
}
{
  error: Error: GEMINI_API_KEY is missing in environment variables
      at file:///C:/Users/vikas/OneDrive/Desktop/Major/server/src/config/Aiconfig.js:7:9
      at ModuleJob.run (node:internal/modules/esm/module_job:274:25)
      at async onImport.tracePromise.__proto__ (node:internal/modules/esm/loader:644:26)
      at async file:///C:/Users/vikas/OneDrive/Desktop/Major/[eval1]:2:1,
  level: 'error',
  message: 'uncaughtException: GEMINI_API_KEY is missing in environment variables\n' +
    'Error: GEMINI_API_KEY is missing in environment variables\n' +
    '    at file:///C:/Users/vikas/OneDrive/Desktop/Major/server/src/config/Aiconfig.js:7:9\n' +
    '    at ModuleJob.run (node:internal/modules/esm/module_job:274:25)\n' +
    '    at async onImport.tracePromise.__proto__ (node:internal/modules/esm/loader:644:26)\n' +
    '    at async file:///C:/Users/vikas/OneDrive/Desktop/Major/[eval1]:2:1',
  stack: 'Error: GEMINI_API_KEY is missing in environment variables\n' +
    '    at file:///C:/Users/vikas/OneDrive/Desktop/Major/server/src/config/Aiconfig.js:7:9\n' +
    '    at ModuleJob.run (node:internal/modules/esm/module_job:274:25)\n' +
    '    at async onImport.tracePromise.__proto__ (node:internal/modules/esm/loader:644:26)\n' +
    '    at async file:///C:/Users/vikas/OneDrive/Desktop/Major/[eval1]:2:1',
  exception: true,
  date: 'Wed Apr 15 2026 23:34:33 GMT+0530 (India Standard Time)',
  process: {
    pid: 20992,
    uid: null,
    gid: null,
    cwd: 'C:\\Users\\vikas\\OneDrive\\Desktop\\Major',
    execPath: 'C:\\Program Files\\nodejs\\node.exe',
    version: 'v22.15.0',
    argv: [ 'C:\\Program Files\\nodejs\\node.exe', '-' ],
    memoryUsage: {
      rss: 96026624,
      heapTotal: 62898176,
      heapUsed: 36599384,
      external: 22401469,
      arrayBuffers: 18793588
    }
  },
  os: { loadavg: [ 0, 0, 0 ], uptime: 6873.921 },
  trace: [
    {
      column: 9,
      file: 'file:///C:/Users/vikas/OneDrive/Desktop/Major/server/src/config/Aiconfig.js',
      function: null,
      line: 7,
      method: null,
      native: false
    },
    {
      column: 25,
      file: 'node:internal/modules/esm/module_job',
      function: 'ModuleJob.run',
      line: 274,
      method: 'run',
      native: false
    },
    {
      column: 26,
      file: 'node:internal/modules/esm/loader',
      function: 'async onImport.tracePromise.__proto__',
      line: 644,
      method: '__proto__',
      native: false
    },
    {
      column: 1,
      file: 'async file:///C:/Users/vikas/OneDrive/Desktop/Major/[eval1]',
      function: null,
      line: 2,
      method: null,
      native: false
    }
  ],
  service: 'careernav-api',
  timestamp: '2026-04-15 23:34:33'
}
{
  error: Error: listen EADDRINUSE: address already in use :::5000
      at Server.setupListenHandle [as _listen2] (node:net:1939:16)
      at listenInCluster (node:net:1996:12)
      at Server.listen (node:net:2101:7)
      at file:///C:/Users/vikas/OneDrive/Desktop/Major/server/server.js:45:27
      at ModuleJob.run (node:internal/modules/esm/module_job:274:25)
      at async onImport.tracePromise.__proto__ (node:internal/modules/esm/loader:644:26)
      at async file:///C:/Users/vikas/OneDrive/Desktop/Major/server/[eval1]:9:5 {
    code: 'EADDRINUSE',
    errno: -4091,
    syscall: 'listen',
    address: '::',
    port: 5000
  },
  level: 'error',
  message: 'uncaughtException: listen EADDRINUSE: address already in use :::5000\n' +
    'Error: listen EADDRINUSE: address already in use :::5000\n' +
    '    at Server.setupListenHandle [as _listen2] (node:net:1939:16)\n' +
    '    at listenInCluster (node:net:1996:12)\n' +
    '    at Server.listen (node:net:2101:7)\n' +
    '    at file:///C:/Users/vikas/OneDrive/Desktop/Major/server/server.js:45:27\n' +
    '    at ModuleJob.run (node:internal/modules/esm/module_job:274:25)\n' +
    '    at async onImport.tracePromise.__proto__ (node:internal/modules/esm/loader:644:26)\n' +
    '    at async file:///C:/Users/vikas/OneDrive/Desktop/Major/server/[eval1]:9:5',
  stack: 'Error: listen EADDRINUSE: address already in use :::5000\n' +
    '    at Server.setupListenHandle [as _listen2] (node:net:1939:16)\n' +
    '    at listenInCluster (node:net:1996:12)\n' +
    '    at Server.listen (node:net:2101:7)\n' +
    '    at file:///C:/Users/vikas/OneDrive/Desktop/Major/server/server.js:45:27\n' +
    '    at ModuleJob.run (node:internal/modules/esm/module_job:274:25)\n' +
    '    at async onImport.tracePromise.__proto__ (node:internal/modules/esm/loader:644:26)\n' +
    '    at async file:///C:/Users/vikas/OneDrive/Desktop/Major/server/[eval1]:9:5',
  exception: true,
  date: 'Thu Apr 16 2026 00:03:01 GMT+0530 (India Standard Time)',
  process: {
    pid: 23084,
    uid: null,
    gid: null,
    cwd: 'C:\\Users\\vikas\\OneDrive\\Desktop\\Major\\server',
    execPath: 'C:\\Program Files\\nodejs\\node.exe',
    version: 'v22.15.0',
    argv: [ 'C:\\Program Files\\nodejs\\node.exe', '-' ],
    memoryUsage: {
      rss: 127029248,
      heapTotal: 76562432,
      heapUsed: 48244232,
      external: 22016651,
      arrayBuffers: 18314649
    }
  },
  os: { loadavg: [ 0, 0, 0 ], uptime: 8581.89 },
  trace: [
    {
      column: 16,
      file: 'node:net',
      function: 'Server.setupListenHandle [as _listen2]',
      line: 1939,
      method: 'setupListenHandle [as _listen2]',
      native: false
    },
    {
      column: 12,
      file: 'node:net',
      function: 'listenInCluster',
      line: 1996,
      method: null,
      native: false
    },
    {
      column: 7,
      file: 'node:net',
      function: 'Server.listen',
      line: 2101,
      method: 'listen',
      native: false
    },
    {
      column: 27,
      file: 'file:///C:/Users/vikas/OneDrive/Desktop/Major/server/server.js',
      function: null,
      line: 45,
      method: null,
      native: false
    },
    {
      column: 25,
      file: 'node:internal/modules/esm/module_job',
      function: 'ModuleJob.run',
      line: 274,
      method: 'run',
      native: false
    },
    {
      column: 26,
      file: 'node:internal/modules/esm/loader',
      function: 'async onImport.tracePromise.__proto__',
      line: 644,
      method: '__proto__',
      native: false
    },
    {
      column: 5,
      file: 'async file:///C:/Users/vikas/OneDrive/Desktop/Major/server/[eval1]',
      function: null,
      line: 9,
      method: null,
      native: false
    }
  ],
  service: 'careernav-api',
  timestamp: '2026-04-16 00:03:01'
}
