{
  service: 'careernav-api',
  code: 'ECONNREFUSED',
  level: 'error',
  message: 'Redis connection error:',
  stack: 'AggregateError [ECONNREFUSED]: \n' +
    '    at internalConnectMultiple (node:net:1139:18)\n' +
    '    at afterConnectMultiple (node:net:1714:7)',
  timestamp: '2026-01-23 16:40:17'
}
{
  message: 'Redis connection closed',
  level: 'warn',
  service: 'careernav-api',
  timestamp: '2026-01-23 16:40:17'
}
{
  service: 'careernav-api',
  code: 'ECONNREFUSED',
  level: 'error',
  message: 'Redis connection error:',
  stack: 'AggregateError [ECONNREFUSED]: \n' +
    '    at internalConnectMultiple (node:net:1139:18)\n' +
    '    at afterConnectMultiple (node:net:1714:7)',
  timestamp: '2026-01-23 16:40:17'
}
{
  message: 'Redis connection closed',
  level: 'warn',
  service: 'careernav-api',
  timestamp: '2026-01-23 16:40:17'
}
{
  service: 'careernav-api',
  code: 'ECONNREFUSED',
  level: 'error',
  message: 'Redis connection error:',
  stack: 'AggregateError [ECONNREFUSED]: \n' +
    '    at internalConnectMultiple (node:net:1139:18)\n' +
    '    at afterConnectMultiple (node:net:1714:7)',
  timestamp: '2026-01-23 16:40:17'
}
{
  message: 'Redis connection closed',
  level: 'warn',
  service: 'careernav-api',
  timestamp: '2026-01-23 16:40:17'
}
{
  service: 'careernav-api',
  code: 'ECONNREFUSED',
  level: 'error',
  message: 'Redis connection error:',
  stack: 'AggregateError [ECONNREFUSED]: \n' +
    '    at internalConnectMultiple (node:net:1139:18)\n' +
    '    at afterConnectMultiple (node:net:1714:7)',
  timestamp: '2026-01-23 16:40:17'
}
{
  message: 'Redis connection closed',
  level: 'warn',
  service: 'careernav-api',
  timestamp: '2026-01-23 16:40:17'
}
{
  service: 'careernav-api',
  level: 'error',
  message: 'Failed to connect to Redis: Reached the max retries per request limit (which is 3). Refer to "maxRetriesPerRequest" option for details.',
  stack: 'MaxRetriesPerRequestError: Reached the max retries per request limit (which is 3). Refer to "maxRetriesPerRequest" option for details.\n' +
    '    at Socket.<anonymous> (C:\\Users\\vikas\\OneDrive\\Desktop\\Major\\server\\node_modules\\ioredis\\built\\redis\\event_handler.js:207:37)\n' +
    '    at Object.onceWrapper (node:events:633:26)\n' +
    '    at Socket.emit (node:events:518:28)\n' +
    '    at TCP.<anonymous> (node:net:351:12)',
  timestamp: '2026-01-23 16:40:17'
}
{
  service: 'careernav-api',
  code: 'ECONNREFUSED',
  level: 'error',
  message: 'Redis connection error:',
  stack: 'AggregateError [ECONNREFUSED]: \n' +
    '    at internalConnectMultiple (node:net:1139:18)\n' +
    '    at afterConnectMultiple (node:net:1714:7)',
  timestamp: '2026-01-23 16:40:17'
}
{
  message: 'Redis connection closed',
  level: 'warn',
  service: 'careernav-api',
  timestamp: '2026-01-23 16:40:17'
}
{
  service: 'careernav-api',
  code: 'ECONNREFUSED',
  level: 'error',
  message: 'Redis connection error:',
  stack: 'AggregateError [ECONNREFUSED]: \n' +
    '    at internalConnectMultiple (node:net:1139:18)\n' +
    '    at afterConnectMultiple (node:net:1714:7)',
  timestamp: '2026-01-23 16:40:18'
}
{
  message: 'Redis connection closed',
  level: 'warn',
  service: 'careernav-api',
  timestamp: '2026-01-23 16:40:18'
}
{
  service: 'careernav-api',
  code: 'ECONNREFUSED',
  level: 'error',
  message: 'Redis connection error:',
  stack: 'AggregateError [ECONNREFUSED]: \n' +
    '    at internalConnectMultiple (node:net:1139:18)\n' +
    '    at afterConnectMultiple (node:net:1714:7)',
  timestamp: '2026-01-23 16:40:18'
}
{
  message: 'Redis connection closed',
  level: 'warn',
  service: 'careernav-api',
  timestamp: '2026-01-23 16:40:18'
}
{
  service: 'careernav-api',
  code: 'ECONNREFUSED',
  level: 'error',
  message: 'Redis connection error:',
  stack: 'AggregateError [ECONNREFUSED]: \n' +
    '    at internalConnectMultiple (node:net:1139:18)\n' +
    '    at afterConnectMultiple (node:net:1714:7)',
  timestamp: '2026-01-23 16:40:18'
}
{
  message: 'Redis connection closed',
  level: 'warn',
  service: 'careernav-api',
  timestamp: '2026-01-23 16:40:18'
}
{
  service: 'careernav-api',
  code: 'ECONNREFUSED',
  level: 'error',
  message: 'Redis connection error:',
  stack: 'AggregateError [ECONNREFUSED]: \n' +
    '    at internalConnectMultiple (node:net:1139:18)\n' +
    '    at afterConnectMultiple (node:net:1714:7)',
  timestamp: '2026-01-23 16:40:19'
}
{
  message: 'Redis connection closed',
  level: 'warn',
  service: 'careernav-api',
  timestamp: '2026-01-23 16:40:19'
}
{
  service: 'careernav-api',
  code: 'ECONNREFUSED',
  level: 'error',
  message: 'Redis connection error:',
  stack: 'AggregateError [ECONNREFUSED]: \n' +
    '    at internalConnectMultiple (node:net:1139:18)\n' +
    '    at afterConnectMultiple (node:net:1714:7)',
  timestamp: '2026-01-23 16:40:19'
}
{
  message: 'Redis connection closed',
  level: 'warn',
  service: 'careernav-api',
  timestamp: '2026-01-23 16:40:19'
}
{
  service: 'careernav-api',
  code: 'ECONNREFUSED',
  level: 'error',
  message: 'Redis connection error:',
  stack: 'AggregateError [ECONNREFUSED]: \n' +
    '    at internalConnectMultiple (node:net:1139:18)\n' +
    '    at afterConnectMultiple (node:net:1714:7)',
  timestamp: '2026-01-23 16:40:20'
}
{
  message: 'Redis connection closed',
  level: 'warn',
  service: 'careernav-api',
  timestamp: '2026-01-23 16:40:20'
}
{
  service: 'careernav-api',
  code: 'ECONNREFUSED',
  level: 'error',
  message: 'Redis connection error:',
  stack: 'AggregateError [ECONNREFUSED]: \n' +
    '    at internalConnectMultiple (node:net:1139:18)\n' +
    '    at afterConnectMultiple (node:net:1714:7)',
  timestamp: '2026-01-23 16:40:20'
}
{
  message: 'Redis connection closed',
  level: 'warn',
  service: 'careernav-api',
  timestamp: '2026-01-23 16:40:20'
}
{
  service: 'careernav-api',
  code: 'ECONNREFUSED',
  level: 'error',
  message: 'Redis connection error:',
  stack: 'AggregateError [ECONNREFUSED]: \n' +
    '    at internalConnectMultiple (node:net:1139:18)\n' +
    '    at afterConnectMultiple (node:net:1714:7)',
  timestamp: '2026-01-23 16:40:21'
}
{
  message: 'Redis connection closed',
  level: 'warn',
  service: 'careernav-api',
  timestamp: '2026-01-23 16:40:21'
}
{
  service: 'careernav-api',
  code: 'ECONNREFUSED',
  level: 'error',
  message: 'Redis connection error:',
  stack: 'AggregateError [ECONNREFUSED]: \n' +
    '    at internalConnectMultiple (node:net:1139:18)\n' +
    '    at afterConnectMultiple (node:net:1714:7)',
  timestamp: '2026-01-23 16:40:22'
}
{
  message: 'Redis connection closed',
  level: 'warn',
  service: 'careernav-api',
  timestamp: '2026-01-23 16:40:22'
}
{
  service: 'careernav-api',
  code: 'ECONNREFUSED',
  level: 'error',
  message: 'Redis connection error:',
  stack: 'AggregateError [ECONNREFUSED]: \n' +
    '    at internalConnectMultiple (node:net:1139:18)\n' +
    '    at afterConnectMultiple (node:net:1714:7)',
  timestamp: '2026-01-23 16:40:22'
}
{
  message: 'Redis connection closed',
  level: 'warn',
  service: 'careernav-api',
  timestamp: '2026-01-23 16:40:22'
}
{
  service: 'careernav-api',
  code: 'ECONNREFUSED',
  level: 'error',
  message: 'Redis connection error:',
  stack: 'AggregateError [ECONNREFUSED]: \n' +
    '    at internalConnectMultiple (node:net:1139:18)\n' +
    '    at afterConnectMultiple (node:net:1714:7)',
  timestamp: '2026-01-23 16:40:23'
}
{
  message: 'Redis connection closed',
  level: 'warn',
  service: 'careernav-api',
  timestamp: '2026-01-23 16:40:23'
}
{
  service: 'careernav-api',
  code: 'ECONNREFUSED',
  level: 'error',
  message: 'Redis connection error:',
  stack: 'AggregateError [ECONNREFUSED]: \n' +
    '    at internalConnectMultiple (node:net:1139:18)\n' +
    '    at afterConnectMultiple (node:net:1714:7)',
  timestamp: '2026-01-23 16:40:24'
}
{
  message: 'Redis connection closed',
  level: 'warn',
  service: 'careernav-api',
  timestamp: '2026-01-23 16:40:24'
}
{
  service: 'careernav-api',
  code: 'ECONNREFUSED',
  level: 'error',
  message: 'Redis connection error:',
  stack: 'AggregateError [ECONNREFUSED]: \n' +
    '    at internalConnectMultiple (node:net:1139:18)\n' +
    '    at afterConnectMultiple (node:net:1714:7)',
  timestamp: '2026-01-23 16:40:25'
}
{
  message: 'Redis connection closed',
  level: 'warn',
  service: 'careernav-api',
  timestamp: '2026-01-23 16:40:25'
}
{
  service: 'careernav-api',
  code: 'ECONNREFUSED',
  level: 'error',
  message: 'Redis connection error:',
  stack: 'AggregateError [ECONNREFUSED]: \n' +
    '    at internalConnectMultiple (node:net:1139:18)\n' +
    '    at afterConnectMultiple (node:net:1714:7)',
  timestamp: '2026-01-23 16:40:26'
}
{
  message: 'Redis connection closed',
  level: 'warn',
  service: 'careernav-api',
  timestamp: '2026-01-23 16:40:26'
}
{
  service: 'careernav-api',
  code: 'ECONNREFUSED',
  level: 'error',
  message: 'Redis connection error:',
  stack: 'AggregateError [ECONNREFUSED]: \n' +
    '    at internalConnectMultiple (node:net:1139:18)\n' +
    '    at afterConnectMultiple (node:net:1714:7)',
  timestamp: '2026-01-23 16:40:27'
}
{
  message: 'Redis connection closed',
  level: 'warn',
  service: 'careernav-api',
  timestamp: '2026-01-23 16:40:27'
}
{
  service: 'careernav-api',
  code: 'ECONNREFUSED',
  level: 'error',
  message: 'Redis connection error:',
  stack: 'AggregateError [ECONNREFUSED]: \n' +
    '    at internalConnectMultiple (node:net:1139:18)\n' +
    '    at afterConnectMultiple (node:net:1714:7)',
  timestamp: '2026-01-23 16:40:28'
}
{
  message: 'Redis connection closed',
  level: 'warn',
  service: 'careernav-api',
  timestamp: '2026-01-23 16:40:28'
}
{
  service: 'careernav-api',
  code: 'ECONNREFUSED',
  level: 'error',
  message: 'Redis connection error:',
  stack: 'AggregateError [ECONNREFUSED]: \n' +
    '    at internalConnectMultiple (node:net:1139:18)\n' +
    '    at afterConnectMultiple (node:net:1714:7)',
  timestamp: '2026-01-23 16:40:29'
}
{
  message: 'Redis connection closed',
  level: 'warn',
  service: 'careernav-api',
  timestamp: '2026-01-23 16:40:29'
}
{
  service: 'careernav-api',
  code: 'ECONNREFUSED',
  level: 'error',
  message: 'Redis connection error:',
  stack: 'AggregateError [ECONNREFUSED]: \n' +
    '    at internalConnectMultiple (node:net:1139:18)\n' +
    '    at afterConnectMultiple (node:net:1714:7)',
  timestamp: '2026-01-23 16:40:30'
}
{
  message: 'Redis connection closed',
  level: 'warn',
  service: 'careernav-api',
  timestamp: '2026-01-23 16:40:30'
}
{
  service: 'careernav-api',
  code: 'ECONNREFUSED',
  level: 'error',
  message: 'Redis connection error:',
  stack: 'AggregateError [ECONNREFUSED]: \n' +
    '    at internalConnectMultiple (node:net:1139:18)\n' +
    '    at afterConnectMultiple (node:net:1714:7)',
  timestamp: '2026-01-23 16:40:31'
}
{
  message: 'Redis connection closed',
  level: 'warn',
  service: 'careernav-api',
  timestamp: '2026-01-23 16:40:31'
}
{
  service: 'careernav-api',
  code: 'ECONNREFUSED',
  level: 'error',
  message: 'Redis connection error:',
  stack: 'AggregateError [ECONNREFUSED]: \n' +
    '    at internalConnectMultiple (node:net:1139:18)\n' +
    '    at afterConnectMultiple (node:net:1714:7)',
  timestamp: '2026-01-23 16:40:32'
}
{
  message: 'Redis connection closed',
  level: 'warn',
  service: 'careernav-api',
  timestamp: '2026-01-23 16:40:32'
}
{
  service: 'careernav-api',
  code: 'ECONNREFUSED',
  level: 'error',
  message: 'Redis connection error:',
  stack: 'AggregateError [ECONNREFUSED]: \n' +
    '    at internalConnectMultiple (node:net:1139:18)\n' +
    '    at afterConnectMultiple (node:net:1714:7)',
  timestamp: '2026-01-23 16:40:33'
}
{
  message: 'Redis connection closed',
  level: 'warn',
  service: 'careernav-api',
  timestamp: '2026-01-23 16:40:33'
}
{
  service: 'careernav-api',
  code: 'ECONNREFUSED',
  level: 'error',
  message: 'Redis connection error:',
  stack: 'AggregateError [ECONNREFUSED]: \n' +
    '    at internalConnectMultiple (node:net:1139:18)\n' +
    '    at afterConnectMultiple (node:net:1714:7)',
  timestamp: '2026-01-23 16:40:35'
}
{
  message: 'Redis connection closed',
  level: 'warn',
  service: 'careernav-api',
  timestamp: '2026-01-23 16:40:35'
}
{
  service: 'careernav-api',
  code: 'ECONNREFUSED',
  level: 'error',
  message: 'Redis connection error:',
  stack: 'AggregateError [ECONNREFUSED]: \n' +
    '    at internalConnectMultiple (node:net:1139:18)\n' +
    '    at afterConnectMultiple (node:net:1714:7)',
  timestamp: '2026-01-23 16:40:36'
}
{
  message: 'Redis connection closed',
  level: 'warn',
  service: 'careernav-api',
  timestamp: '2026-01-23 16:40:36'
}
{
  service: 'careernav-api',
  code: 'ECONNREFUSED',
  level: 'error',
  message: 'Redis connection error:',
  stack: 'AggregateError [ECONNREFUSED]: \n' +
    '    at internalConnectMultiple (node:net:1139:18)\n' +
    '    at afterConnectMultiple (node:net:1714:7)',
  timestamp: '2026-01-23 16:40:38'
}
{
  message: 'Redis connection closed',
  level: 'warn',
  service: 'careernav-api',
  timestamp: '2026-01-23 16:40:38'
}
{
  service: 'careernav-api',
  code: 'ECONNREFUSED',
  level: 'error',
  message: 'Redis connection error:',
  stack: 'AggregateError [ECONNREFUSED]: \n' +
    '    at internalConnectMultiple (node:net:1139:18)\n' +
    '    at afterConnectMultiple (node:net:1714:7)',
  timestamp: '2026-01-23 16:40:48'
}
{
  message: 'Redis connection closed',
  level: 'warn',
  service: 'careernav-api',
  timestamp: '2026-01-23 16:40:48'
}
{
  service: 'careernav-api',
  code: 'ECONNREFUSED',
  level: 'error',
  message: 'Redis connection error:',
  stack: 'AggregateError [ECONNREFUSED]: \n' +
    '    at internalConnectMultiple (node:net:1139:18)\n' +
    '    at afterConnectMultiple (node:net:1714:7)',
  timestamp: '2026-01-23 16:40:48'
}
{
  message: 'Redis connection closed',
  level: 'warn',
  service: 'careernav-api',
  timestamp: '2026-01-23 16:40:48'
}
{
  service: 'careernav-api',
  code: 'ECONNREFUSED',
  level: 'error',
  message: 'Redis connection error:',
  stack: 'AggregateError [ECONNREFUSED]: \n' +
    '    at internalConnectMultiple (node:net:1139:18)\n' +
    '    at afterConnectMultiple (node:net:1714:7)',
  timestamp: '2026-01-23 16:40:48'
}
{
  message: 'Redis connection closed',
  level: 'warn',
  service: 'careernav-api',
  timestamp: '2026-01-23 16:40:48'
}
{
  service: 'careernav-api',
  code: 'ECONNREFUSED',
  level: 'error',
  message: 'Redis connection error:',
  stack: 'AggregateError [ECONNREFUSED]: \n' +
    '    at internalConnectMultiple (node:net:1139:18)\n' +
    '    at afterConnectMultiple (node:net:1714:7)',
  timestamp: '2026-01-23 16:40:49'
}
{
  message: 'Redis connection closed',
  level: 'warn',
  service: 'careernav-api',
  timestamp: '2026-01-23 16:40:49'
}
{
  service: 'careernav-api',
  level: 'error',
  message: 'Failed to connect to Redis: Reached the max retries per request limit (which is 3). Refer to "maxRetriesPerRequest" option for details.',
  stack: 'MaxRetriesPerRequestError: Reached the max retries per request limit (which is 3). Refer to "maxRetriesPerRequest" option for details.\n' +
    '    at Socket.<anonymous> (C:\\Users\\vikas\\OneDrive\\Desktop\\Major\\server\\node_modules\\ioredis\\built\\redis\\event_handler.js:207:37)\n' +
    '    at Object.onceWrapper (node:events:633:26)\n' +
    '    at Socket.emit (node:events:518:28)\n' +
    '    at TCP.<anonymous> (node:net:351:12)',
  timestamp: '2026-01-23 16:40:49'
}
{
  service: 'careernav-api',
  code: 'ECONNREFUSED',
  level: 'error',
  message: 'Redis connection error:',
  stack: 'AggregateError [ECONNREFUSED]: \n' +
    '    at internalConnectMultiple (node:net:1139:18)\n' +
    '    at afterConnectMultiple (node:net:1714:7)',
  timestamp: '2026-01-23 16:40:49'
}
{
  message: 'Redis connection closed',
  level: 'warn',
  service: 'careernav-api',
  timestamp: '2026-01-23 16:40:49'
}
{
  service: 'careernav-api',
  code: 'ECONNREFUSED',
  level: 'error',
  message: 'Redis connection error:',
  stack: 'AggregateError [ECONNREFUSED]: \n' +
    '    at internalConnectMultiple (node:net:1139:18)\n' +
    '    at afterConnectMultiple (node:net:1714:7)',
  timestamp: '2026-01-23 16:40:49'
}
{
  message: 'Redis connection closed',
  level: 'warn',
  service: 'careernav-api',
  timestamp: '2026-01-23 16:40:49'
}
{
  service: 'careernav-api',
  code: 'ECONNREFUSED',
  level: 'error',
  message: 'Redis connection error:',
  stack: 'AggregateError [ECONNREFUSED]: \n' +
    '    at internalConnectMultiple (node:net:1139:18)\n' +
    '    at afterConnectMultiple (node:net:1714:7)',
  timestamp: '2026-01-23 16:40:49'
}
{
  message: 'Redis connection closed',
  level: 'warn',
  service: 'careernav-api',
  timestamp: '2026-01-23 16:40:49'
}
{
  service: 'careernav-api',
  code: 'ECONNREFUSED',
  level: 'error',
  message: 'Redis connection error:',
  stack: 'AggregateError [ECONNREFUSED]: \n' +
    '    at internalConnectMultiple (node:net:1139:18)\n' +
    '    at afterConnectMultiple (node:net:1714:7)',
  timestamp: '2026-01-23 16:40:50'
}
{
  message: 'Redis connection closed',
  level: 'warn',
  service: 'careernav-api',
  timestamp: '2026-01-23 16:40:50'
}
{
  service: 'careernav-api',
  code: 'ECONNREFUSED',
  level: 'error',
  message: 'Redis connection error:',
  stack: 'AggregateError [ECONNREFUSED]: \n' +
    '    at internalConnectMultiple (node:net:1139:18)\n' +
    '    at afterConnectMultiple (node:net:1714:7)',
  timestamp: '2026-01-23 16:40:50'
}
{
  message: 'Redis connection closed',
  level: 'warn',
  service: 'careernav-api',
  timestamp: '2026-01-23 16:40:50'
}
{
  service: 'careernav-api',
  code: 'ECONNREFUSED',
  level: 'error',
  message: 'Redis connection error:',
  stack: 'AggregateError [ECONNREFUSED]: \n' +
    '    at internalConnectMultiple (node:net:1139:18)\n' +
    '    at afterConnectMultiple (node:net:1714:7)',
  timestamp: '2026-01-23 16:40:51'
}
{
  message: 'Redis connection closed',
  level: 'warn',
  service: 'careernav-api',
  timestamp: '2026-01-23 16:40:51'
}
{
  service: 'careernav-api',
  code: 'ECONNREFUSED',
  level: 'error',
  message: 'Redis connection error:',
  stack: 'AggregateError [ECONNREFUSED]: \n' +
    '    at internalConnectMultiple (node:net:1139:18)\n' +
    '    at afterConnectMultiple (node:net:1714:7)',
  timestamp: '2026-01-23 16:40:51'
}
{
  message: 'Redis connection closed',
  level: 'warn',
  service: 'careernav-api',
  timestamp: '2026-01-23 16:40:51'
}
{
  service: 'careernav-api',
  code: 'ECONNREFUSED',
  level: 'error',
  message: 'Redis connection error:',
  stack: 'AggregateError [ECONNREFUSED]: \n' +
    '    at internalConnectMultiple (node:net:1139:18)\n' +
    '    at afterConnectMultiple (node:net:1714:7)',
  timestamp: '2026-01-23 16:40:52'
}
{
  message: 'Redis connection closed',
  level: 'warn',
  service: 'careernav-api',
  timestamp: '2026-01-23 16:40:52'
}
{
  service: 'careernav-api',
  code: 'ECONNREFUSED',
  level: 'error',
  message: 'Redis connection error:',
  stack: 'AggregateError [ECONNREFUSED]: \n' +
    '    at internalConnectMultiple (node:net:1139:18)\n' +
    '    at afterConnectMultiple (node:net:1714:7)',
  timestamp: '2026-01-23 16:40:52'
}
{
  message: 'Redis connection closed',
  level: 'warn',
  service: 'careernav-api',
  timestamp: '2026-01-23 16:40:52'
}
{
  service: 'careernav-api',
  code: 'ECONNREFUSED',
  level: 'error',
  message: 'Redis connection error:',
  stack: 'AggregateError [ECONNREFUSED]: \n' +
    '    at internalConnectMultiple (node:net:1139:18)\n' +
    '    at afterConnectMultiple (node:net:1714:7)',
  timestamp: '2026-01-23 16:40:53'
}
{
  message: 'Redis connection closed',
  level: 'warn',
  service: 'careernav-api',
  timestamp: '2026-01-23 16:40:53'
}
{
  service: 'careernav-api',
  code: 'ECONNREFUSED',
  level: 'error',
  message: 'Redis connection error:',
  stack: 'AggregateError [ECONNREFUSED]: \n' +
    '    at internalConnectMultiple (node:net:1139:18)\n' +
    '    at afterConnectMultiple (node:net:1714:7)',
  timestamp: '2026-01-23 16:40:54'
}
{
  message: 'Redis connection closed',
  level: 'warn',
  service: 'careernav-api',
  timestamp: '2026-01-23 16:40:54'
}
{
  service: 'careernav-api',
  code: 'ECONNREFUSED',
  level: 'error',
  message: 'Redis connection error:',
  stack: 'AggregateError [ECONNREFUSED]: \n' +
    '    at internalConnectMultiple (node:net:1139:18)\n' +
    '    at afterConnectMultiple (node:net:1714:7)',
  timestamp: '2026-01-23 16:40:54'
}
{
  message: 'Redis connection closed',
  level: 'warn',
  service: 'careernav-api',
  timestamp: '2026-01-23 16:40:54'
}
{
  service: 'careernav-api',
  code: 'ECONNREFUSED',
  level: 'error',
  message: 'Redis connection error:',
  stack: 'AggregateError [ECONNREFUSED]: \n' +
    '    at internalConnectMultiple (node:net:1139:18)\n' +
    '    at afterConnectMultiple (node:net:1714:7)',
  timestamp: '2026-01-23 16:40:55'
}
{
  message: 'Redis connection closed',
  level: 'warn',
  service: 'careernav-api',
  timestamp: '2026-01-23 16:40:55'
}
{
  service: 'careernav-api',
  code: 'ECONNREFUSED',
  level: 'error',
  message: 'Redis connection error:',
  stack: 'AggregateError [ECONNREFUSED]: \n' +
    '    at internalConnectMultiple (node:net:1139:18)\n' +
    '    at afterConnectMultiple (node:net:1714:7)',
  timestamp: '2026-01-23 16:40:56'
}
{
  message: 'Redis connection closed',
  level: 'warn',
  service: 'careernav-api',
  timestamp: '2026-01-23 16:40:56'
}
{
  service: 'careernav-api',
  code: 'ECONNREFUSED',
  level: 'error',
  message: 'Redis connection error:',
  stack: 'AggregateError [ECONNREFUSED]: \n' +
    '    at internalConnectMultiple (node:net:1139:18)\n' +
    '    at afterConnectMultiple (node:net:1714:7)',
  timestamp: '2026-01-23 16:40:57'
}
{
  message: 'Redis connection closed',
  level: 'warn',
  service: 'careernav-api',
  timestamp: '2026-01-23 16:40:57'
}
{
  service: 'careernav-api',
  code: 'ECONNREFUSED',
  level: 'error',
  message: 'Redis connection error:',
  stack: 'AggregateError [ECONNREFUSED]: \n' +
    '    at internalConnectMultiple (node:net:1139:18)\n' +
    '    at afterConnectMultiple (node:net:1714:7)',
  timestamp: '2026-01-23 16:40:58'
}
{
  message: 'Redis connection closed',
  level: 'warn',
  service: 'careernav-api',
  timestamp: '2026-01-23 16:40:58'
}
{
  service: 'careernav-api',
  code: 'ECONNREFUSED',
  level: 'error',
  message: 'Redis connection error:',
  stack: 'AggregateError [ECONNREFUSED]: \n' +
    '    at internalConnectMultiple (node:net:1139:18)\n' +
    '    at afterConnectMultiple (node:net:1714:7)',
  timestamp: '2026-01-23 16:40:59'
}
{
  message: 'Redis connection closed',
  level: 'warn',
  service: 'careernav-api',
  timestamp: '2026-01-23 16:40:59'
}
{
  service: 'careernav-api',
  code: 'ECONNREFUSED',
  level: 'error',
  message: 'Redis connection error:',
  stack: 'AggregateError [ECONNREFUSED]: \n' +
    '    at internalConnectMultiple (node:net:1139:18)\n' +
    '    at afterConnectMultiple (node:net:1714:7)',
  timestamp: '2026-01-23 16:41:00'
}
{
  message: 'Redis connection closed',
  level: 'warn',
  service: 'careernav-api',
  timestamp: '2026-01-23 16:41:00'
}
{
  service: 'careernav-api',
  code: 'ECONNREFUSED',
  level: 'error',
  message: 'Redis connection error:',
  stack: 'AggregateError [ECONNREFUSED]: \n' +
    '    at internalConnectMultiple (node:net:1139:18)\n' +
    '    at afterConnectMultiple (node:net:1714:7)',
  timestamp: '2026-01-23 16:41:01'
}
{
  message: 'Redis connection closed',
  level: 'warn',
  service: 'careernav-api',
  timestamp: '2026-01-23 16:41:01'
}
{
  service: 'careernav-api',
  code: 'ECONNREFUSED',
  level: 'error',
  message: 'Redis connection error:',
  stack: 'AggregateError [ECONNREFUSED]: \n' +
    '    at internalConnectMultiple (node:net:1139:18)\n' +
    '    at afterConnectMultiple (node:net:1714:7)',
  timestamp: '2026-01-23 16:41:02'
}
{
  message: 'Redis connection closed',
  level: 'warn',
  service: 'careernav-api',
  timestamp: '2026-01-23 16:41:02'
}
{
  service: 'careernav-api',
  code: 'ECONNREFUSED',
  level: 'error',
  message: 'Redis connection error:',
  stack: 'AggregateError [ECONNREFUSED]: \n' +
    '    at internalConnectMultiple (node:net:1139:18)\n' +
    '    at afterConnectMultiple (node:net:1714:7)',
  timestamp: '2026-01-23 16:41:04'
}
{
  message: 'Redis connection closed',
  level: 'warn',
  service: 'careernav-api',
  timestamp: '2026-01-23 16:41:04'
}
{
  service: 'careernav-api',
  code: 'ECONNREFUSED',
  level: 'error',
  message: 'Redis connection error:',
  stack: 'AggregateError [ECONNREFUSED]: \n' +
    '    at internalConnectMultiple (node:net:1139:18)\n' +
    '    at afterConnectMultiple (node:net:1714:7)',
  timestamp: '2026-01-23 16:41:05'
}
{
  message: 'Redis connection closed',
  level: 'warn',
  service: 'careernav-api',
  timestamp: '2026-01-23 16:41:05'
}
{
  service: 'careernav-api',
  code: 'ECONNREFUSED',
  level: 'error',
  message: 'Redis connection error:',
  stack: 'AggregateError [ECONNREFUSED]: \n' +
    '    at internalConnectMultiple (node:net:1139:18)\n' +
    '    at afterConnectMultiple (node:net:1714:7)',
  timestamp: '2026-01-23 16:41:06'
}
{
  message: 'Redis connection closed',
  level: 'warn',
  service: 'careernav-api',
  timestamp: '2026-01-23 16:41:06'
}
{
  service: 'careernav-api',
  code: 'ECONNREFUSED',
  level: 'error',
  message: 'Redis connection error:',
  stack: 'AggregateError [ECONNREFUSED]: \n' +
    '    at internalConnectMultiple (node:net:1139:18)\n' +
    '    at afterConnectMultiple (node:net:1714:7)',
  timestamp: '2026-01-23 16:41:08'
}
{
  message: 'Redis connection closed',
  level: 'warn',
  service: 'careernav-api',
  timestamp: '2026-01-23 16:41:08'
}
{
  service: 'careernav-api',
  code: 'ECONNREFUSED',
  level: 'error',
  message: 'Redis connection error:',
  stack: 'AggregateError [ECONNREFUSED]: \n' +
    '    at internalConnectMultiple (node:net:1139:18)\n' +
    '    at afterConnectMultiple (node:net:1714:7)',
  timestamp: '2026-01-23 16:41:09'
}
{
  message: 'Redis connection closed',
  level: 'warn',
  service: 'careernav-api',
  timestamp: '2026-01-23 16:41:09'
}
{
  service: 'careernav-api',
  code: 'ECONNREFUSED',
  level: 'error',
  message: 'Redis connection error:',
  stack: 'AggregateError [ECONNREFUSED]: \n' +
    '    at internalConnectMultiple (node:net:1139:18)\n' +
    '    at afterConnectMultiple (node:net:1714:7)',
  timestamp: '2026-01-23 16:41:14'
}
{
  message: 'Redis connection closed',
  level: 'warn',
  service: 'careernav-api',
  timestamp: '2026-01-23 16:41:14'
}
{
  service: 'careernav-api',
  code: 'ECONNREFUSED',
  level: 'error',
  message: 'Redis connection error:',
  stack: 'AggregateError [ECONNREFUSED]: \n' +
    '    at internalConnectMultiple (node:net:1139:18)\n' +
    '    at afterConnectMultiple (node:net:1714:7)',
  timestamp: '2026-01-23 16:41:14'
}
{
  message: 'Redis connection closed',
  level: 'warn',
  service: 'careernav-api',
  timestamp: '2026-01-23 16:41:14'
}
{
  service: 'careernav-api',
  code: 'ECONNREFUSED',
  level: 'error',
  message: 'Redis connection error:',
  stack: 'AggregateError [ECONNREFUSED]: \n' +
    '    at internalConnectMultiple (node:net:1139:18)\n' +
    '    at afterConnectMultiple (node:net:1714:7)',
  timestamp: '2026-01-23 16:41:14'
}
{
  message: 'Redis connection closed',
  level: 'warn',
  service: 'careernav-api',
  timestamp: '2026-01-23 16:41:14'
}
{
  service: 'careernav-api',
  code: 'ECONNREFUSED',
  level: 'error',
  message: 'Redis connection error:',
  stack: 'AggregateError [ECONNREFUSED]: \n' +
    '    at internalConnectMultiple (node:net:1139:18)\n' +
    '    at afterConnectMultiple (node:net:1714:7)',
  timestamp: '2026-01-23 16:41:14'
}
{
  message: 'Redis connection closed',
  level: 'warn',
  service: 'careernav-api',
  timestamp: '2026-01-23 16:41:14'
}
{
  service: 'careernav-api',
  level: 'error',
  message: 'Failed to connect to Redis: Reached the max retries per request limit (which is 3). Refer to "maxRetriesPerRequest" option for details.',
  stack: 'MaxRetriesPerRequestError: Reached the max retries per request limit (which is 3). Refer to "maxRetriesPerRequest" option for details.\n' +
    '    at Socket.<anonymous> (C:\\Users\\vikas\\OneDrive\\Desktop\\Major\\server\\node_modules\\ioredis\\built\\redis\\event_handler.js:207:37)\n' +
    '    at Object.onceWrapper (node:events:633:26)\n' +
    '    at Socket.emit (node:events:518:28)\n' +
    '    at TCP.<anonymous> (node:net:351:12)',
  timestamp: '2026-01-23 16:41:14'
}
{
  service: 'careernav-api',
  code: 'ECONNREFUSED',
  level: 'error',
  message: 'Redis connection error:',
  stack: 'AggregateError [ECONNREFUSED]: \n' +
    '    at internalConnectMultiple (node:net:1139:18)\n' +
    '    at afterConnectMultiple (node:net:1714:7)',
  timestamp: '2026-01-23 16:41:15'
}
{
  message: 'Redis connection closed',
  level: 'warn',
  service: 'careernav-api',
  timestamp: '2026-01-23 16:41:15'
}
{
  service: 'careernav-api',
  code: 'ECONNREFUSED',
  level: 'error',
  message: 'Redis connection error:',
  stack: 'AggregateError [ECONNREFUSED]: \n' +
    '    at internalConnectMultiple (node:net:1139:18)\n' +
    '    at afterConnectMultiple (node:net:1714:7)',
  timestamp: '2026-01-23 16:41:15'
}
{
  message: 'Redis connection closed',
  level: 'warn',
  service: 'careernav-api',
  timestamp: '2026-01-23 16:41:15'
}
{
  service: 'careernav-api',
  code: 'ECONNREFUSED',
  level: 'error',
  message: 'Redis connection error:',
  stack: 'AggregateError [ECONNREFUSED]: \n' +
    '    at internalConnectMultiple (node:net:1139:18)\n' +
    '    at afterConnectMultiple (node:net:1714:7)',
  timestamp: '2026-01-23 16:41:15'
}
{
  message: 'Redis connection closed',
  level: 'warn',
  service: 'careernav-api',
  timestamp: '2026-01-23 16:41:15'
}
{
  service: 'careernav-api',
  code: 'ECONNREFUSED',
  level: 'error',
  message: 'Redis connection error:',
  stack: 'AggregateError [ECONNREFUSED]: \n' +
    '    at internalConnectMultiple (node:net:1139:18)\n' +
    '    at afterConnectMultiple (node:net:1714:7)',
  timestamp: '2026-01-23 16:41:16'
}
{
  message: 'Redis connection closed',
  level: 'warn',
  service: 'careernav-api',
  timestamp: '2026-01-23 16:41:16'
}
{
  service: 'careernav-api',
  code: 'ECONNREFUSED',
  level: 'error',
  message: 'Redis connection error:',
  stack: 'AggregateError [ECONNREFUSED]: \n' +
    '    at internalConnectMultiple (node:net:1139:18)\n' +
    '    at afterConnectMultiple (node:net:1714:7)',
  timestamp: '2026-01-23 16:41:16'
}
{
  message: 'Redis connection closed',
  level: 'warn',
  service: 'careernav-api',
  timestamp: '2026-01-23 16:41:16'
}
{
  service: 'careernav-api',
  code: 'ECONNREFUSED',
  level: 'error',
  message: 'Redis connection error:',
  stack: 'AggregateError [ECONNREFUSED]: \n' +
    '    at internalConnectMultiple (node:net:1139:18)\n' +
    '    at afterConnectMultiple (node:net:1714:7)',
  timestamp: '2026-01-23 16:41:16'
}
{
  message: 'Redis connection closed',
  level: 'warn',
  service: 'careernav-api',
  timestamp: '2026-01-23 16:41:16'
}
{
  service: 'careernav-api',
  code: 'ECONNREFUSED',
  level: 'error',
  message: 'Redis connection error:',
  stack: 'AggregateError [ECONNREFUSED]: \n' +
    '    at internalConnectMultiple (node:net:1139:18)\n' +
    '    at afterConnectMultiple (node:net:1714:7)',
  timestamp: '2026-01-23 16:41:17'
}
{
  message: 'Redis connection closed',
  level: 'warn',
  service: 'careernav-api',
  timestamp: '2026-01-23 16:41:17'
}
{
  service: 'careernav-api',
  code: 'ECONNREFUSED',
  level: 'error',
  message: 'Redis connection error:',
  stack: 'AggregateError [ECONNREFUSED]: \n' +
    '    at internalConnectMultiple (node:net:1139:18)\n' +
    '    at afterConnectMultiple (node:net:1714:7)',
  timestamp: '2026-01-23 16:41:18'
}
{
  message: 'Redis connection closed',
  level: 'warn',
  service: 'careernav-api',
  timestamp: '2026-01-23 16:41:18'
}
{
  service: 'careernav-api',
  code: 'ECONNREFUSED',
  level: 'error',
  message: 'Redis connection error:',
  stack: 'AggregateError [ECONNREFUSED]: \n' +
    '    at internalConnectMultiple (node:net:1139:18)\n' +
    '    at afterConnectMultiple (node:net:1714:7)',
  timestamp: '2026-01-23 16:41:18'
}
{
  message: 'Redis connection closed',
  level: 'warn',
  service: 'careernav-api',
  timestamp: '2026-01-23 16:41:18'
}
{
  service: 'careernav-api',
  code: 'ECONNREFUSED',
  level: 'error',
  message: 'Redis connection error:',
  stack: 'AggregateError [ECONNREFUSED]: \n' +
    '    at internalConnectMultiple (node:net:1139:18)\n' +
    '    at afterConnectMultiple (node:net:1714:7)',
  timestamp: '2026-01-23 16:41:19'
}
{
  message: 'Redis connection closed',
  level: 'warn',
  service: 'careernav-api',
  timestamp: '2026-01-23 16:41:19'
}
{
  service: 'careernav-api',
  code: 'ECONNREFUSED',
  level: 'error',
  message: 'Redis connection error:',
  stack: 'AggregateError [ECONNREFUSED]: \n' +
    '    at internalConnectMultiple (node:net:1139:18)\n' +
    '    at afterConnectMultiple (node:net:1714:7)',
  timestamp: '2026-01-23 16:41:20'
}
{
  message: 'Redis connection closed',
  level: 'warn',
  service: 'careernav-api',
  timestamp: '2026-01-23 16:41:20'
}
{
  service: 'careernav-api',
  code: 'ECONNREFUSED',
  level: 'error',
  message: 'Redis connection error:',
  stack: 'AggregateError [ECONNREFUSED]: \n' +
    '    at internalConnectMultiple (node:net:1139:18)\n' +
    '    at afterConnectMultiple (node:net:1714:7)',
  timestamp: '2026-01-23 16:41:20'
}
{
  message: 'Redis connection closed',
  level: 'warn',
  service: 'careernav-api',
  timestamp: '2026-01-23 16:41:20'
}
{
  service: 'careernav-api',
  code: 'ECONNREFUSED',
  level: 'error',
  message: 'Redis connection error:',
  stack: 'AggregateError [ECONNREFUSED]: \n' +
    '    at internalConnectMultiple (node:net:1139:18)\n' +
    '    at afterConnectMultiple (node:net:1714:7)',
  timestamp: '2026-01-23 16:41:21'
}
{
  message: 'Redis connection closed',
  level: 'warn',
  service: 'careernav-api',
  timestamp: '2026-01-23 16:41:21'
}
{
  service: 'careernav-api',
  code: 'ECONNREFUSED',
  level: 'error',
  message: 'Redis connection error:',
  stack: 'AggregateError [ECONNREFUSED]: \n' +
    '    at internalConnectMultiple (node:net:1139:18)\n' +
    '    at afterConnectMultiple (node:net:1714:7)',
  timestamp: '2026-01-23 16:41:22'
}
{
  message: 'Redis connection closed',
  level: 'warn',
  service: 'careernav-api',
  timestamp: '2026-01-23 16:41:22'
}
{
  service: 'careernav-api',
  code: 'ECONNREFUSED',
  level: 'error',
  message: 'Redis connection error:',
  stack: 'AggregateError [ECONNREFUSED]: \n' +
    '    at internalConnectMultiple (node:net:1139:18)\n' +
    '    at afterConnectMultiple (node:net:1714:7)',
  timestamp: '2026-01-23 16:41:23'
}
{
  message: 'Redis connection closed',
  level: 'warn',
  service: 'careernav-api',
  timestamp: '2026-01-23 16:41:23'
}
{
  service: 'careernav-api',
  code: 'ECONNREFUSED',
  level: 'error',
  message: 'Redis connection error:',
  stack: 'AggregateError [ECONNREFUSED]: \n' +
    '    at internalConnectMultiple (node:net:1139:18)\n' +
    '    at afterConnectMultiple (node:net:1714:7)',
  timestamp: '2026-01-23 16:41:24'
}
{
  message: 'Redis connection closed',
  level: 'warn',
  service: 'careernav-api',
  timestamp: '2026-01-23 16:41:24'
}
{
  service: 'careernav-api',
  code: 'ECONNREFUSED',
  level: 'error',
  message: 'Redis connection error:',
  stack: 'AggregateError [ECONNREFUSED]: \n' +
    '    at internalConnectMultiple (node:net:1139:18)\n' +
    '    at afterConnectMultiple (node:net:1714:7)',
  timestamp: '2026-01-23 16:41:25'
}
{
  message: 'Redis connection closed',
  level: 'warn',
  service: 'careernav-api',
  timestamp: '2026-01-23 16:41:25'
}
{
  service: 'careernav-api',
  code: 'ECONNREFUSED',
  level: 'error',
  message: 'Redis connection error:',
  stack: 'AggregateError [ECONNREFUSED]: \n' +
    '    at internalConnectMultiple (node:net:1139:18)\n' +
    '    at afterConnectMultiple (node:net:1714:7)',
  timestamp: '2026-01-23 16:41:26'
}
{
  message: 'Redis connection closed',
  level: 'warn',
  service: 'careernav-api',
  timestamp: '2026-01-23 16:41:26'
}
{
  service: 'careernav-api',
  code: 'ECONNREFUSED',
  level: 'error',
  message: 'Redis connection error:',
  stack: 'AggregateError [ECONNREFUSED]: \n' +
    '    at internalConnectMultiple (node:net:1139:18)\n' +
    '    at afterConnectMultiple (node:net:1714:7)',
  timestamp: '2026-01-23 16:41:27'
}
{
  message: 'Redis connection closed',
  level: 'warn',
  service: 'careernav-api',
  timestamp: '2026-01-23 16:41:27'
}
{
  service: 'careernav-api',
  code: 'ECONNREFUSED',
  level: 'error',
  message: 'Redis connection error:',
  stack: 'AggregateError [ECONNREFUSED]: \n' +
    '    at internalConnectMultiple (node:net:1139:18)\n' +
    '    at afterConnectMultiple (node:net:1714:7)',
  timestamp: '2026-01-23 16:41:28'
}
{
  message: 'Redis connection closed',
  level: 'warn',
  service: 'careernav-api',
  timestamp: '2026-01-23 16:41:28'
}
{
  service: 'careernav-api',
  code: 'ECONNREFUSED',
  level: 'error',
  message: 'Redis connection error:',
  stack: 'AggregateError [ECONNREFUSED]: \n' +
    '    at internalConnectMultiple (node:net:1139:18)\n' +
    '    at afterConnectMultiple (node:net:1714:7)',
  timestamp: '2026-01-23 16:41:32'
}
{
  message: 'Redis connection closed',
  level: 'warn',
  service: 'careernav-api',
  timestamp: '2026-01-23 16:41:32'
}
{
  service: 'careernav-api',
  code: 'ECONNREFUSED',
  level: 'error',
  message: 'Redis connection error:',
  stack: 'AggregateError [ECONNREFUSED]: \n' +
    '    at internalConnectMultiple (node:net:1139:18)\n' +
    '    at afterConnectMultiple (node:net:1714:7)',
  timestamp: '2026-01-23 16:41:32'
}
{
  message: 'Redis connection closed',
  level: 'warn',
  service: 'careernav-api',
  timestamp: '2026-01-23 16:41:32'
}
{
  service: 'careernav-api',
  code: 'ECONNREFUSED',
  level: 'error',
  message: 'Redis connection error:',
  stack: 'AggregateError [ECONNREFUSED]: \n' +
    '    at internalConnectMultiple (node:net:1139:18)\n' +
    '    at afterConnectMultiple (node:net:1714:7)',
  timestamp: '2026-01-23 16:41:33'
}
{
  message: 'Redis connection closed',
  level: 'warn',
  service: 'careernav-api',
  timestamp: '2026-01-23 16:41:33'
}
{
  service: 'careernav-api',
  code: 'ECONNREFUSED',
  level: 'error',
  message: 'Redis connection error:',
  stack: 'AggregateError [ECONNREFUSED]: \n' +
    '    at internalConnectMultiple (node:net:1139:18)\n' +
    '    at afterConnectMultiple (node:net:1714:7)',
  timestamp: '2026-01-23 16:41:33'
}
{
  message: 'Redis connection closed',
  level: 'warn',
  service: 'careernav-api',
  timestamp: '2026-01-23 16:41:33'
}
{
  service: 'careernav-api',
  level: 'error',
  message: 'Failed to connect to Redis: Reached the max retries per request limit (which is 3). Refer to "maxRetriesPerRequest" option for details.',
  stack: 'MaxRetriesPerRequestError: Reached the max retries per request limit (which is 3). Refer to "maxRetriesPerRequest" option for details.\n' +
    '    at Socket.<anonymous> (C:\\Users\\vikas\\OneDrive\\Desktop\\Major\\server\\node_modules\\ioredis\\built\\redis\\event_handler.js:207:37)\n' +
    '    at Object.onceWrapper (node:events:633:26)\n' +
    '    at Socket.emit (node:events:518:28)\n' +
    '    at TCP.<anonymous> (node:net:351:12)',
  timestamp: '2026-01-23 16:41:33'
}
{
  service: 'careernav-api',
  code: 'ECONNREFUSED',
  level: 'error',
  message: 'Redis connection error:',
  stack: 'AggregateError [ECONNREFUSED]: \n' +
    '    at internalConnectMultiple (node:net:1139:18)\n' +
    '    at afterConnectMultiple (node:net:1714:7)',
  timestamp: '2026-01-23 16:41:33'
}
{
  message: 'Redis connection closed',
  level: 'warn',
  service: 'careernav-api',
  timestamp: '2026-01-23 16:41:33'
}
{
  service: 'careernav-api',
  code: 'ECONNREFUSED',
  level: 'error',
  message: 'Redis connection error:',
  stack: 'AggregateError [ECONNREFUSED]: \n' +
    '    at internalConnectMultiple (node:net:1139:18)\n' +
    '    at afterConnectMultiple (node:net:1714:7)',
  timestamp: '2026-01-23 16:41:33'
}
{
  message: 'Redis connection closed',
  level: 'warn',
  service: 'careernav-api',
  timestamp: '2026-01-23 16:41:33'
}
{
  service: 'careernav-api',
  code: 'ECONNREFUSED',
  level: 'error',
  message: 'Redis connection error:',
  stack: 'AggregateError [ECONNREFUSED]: \n' +
    '    at internalConnectMultiple (node:net:1139:18)\n' +
    '    at afterConnectMultiple (node:net:1714:7)',
  timestamp: '2026-01-23 16:41:34'
}
{
  message: 'Redis connection closed',
  level: 'warn',
  service: 'careernav-api',
  timestamp: '2026-01-23 16:41:34'
}
{
  service: 'careernav-api',
  code: 'ECONNREFUSED',
  level: 'error',
  message: 'Redis connection error:',
  stack: 'AggregateError [ECONNREFUSED]: \n' +
    '    at internalConnectMultiple (node:net:1139:18)\n' +
    '    at afterConnectMultiple (node:net:1714:7)',
  timestamp: '2026-01-23 16:41:34'
}
{
  message: 'Redis connection closed',
  level: 'warn',
  service: 'careernav-api',
  timestamp: '2026-01-23 16:41:34'
}
{
  service: 'careernav-api',
  code: 'ECONNREFUSED',
  level: 'error',
  message: 'Redis connection error:',
  stack: 'AggregateError [ECONNREFUSED]: \n' +
    '    at internalConnectMultiple (node:net:1139:18)\n' +
    '    at afterConnectMultiple (node:net:1714:7)',
  timestamp: '2026-01-23 16:41:34'
}
{
  message: 'Redis connection closed',
  level: 'warn',
  service: 'careernav-api',
  timestamp: '2026-01-23 16:41:34'
}
{
  service: 'careernav-api',
  code: 'ECONNREFUSED',
  level: 'error',
  message: 'Redis connection error:',
  stack: 'AggregateError [ECONNREFUSED]: \n' +
    '    at internalConnectMultiple (node:net:1139:18)\n' +
    '    at afterConnectMultiple (node:net:1714:7)',
  timestamp: '2026-01-23 16:41:35'
}
{
  message: 'Redis connection closed',
  level: 'warn',
  service: 'careernav-api',
  timestamp: '2026-01-23 16:41:35'
}
{
  service: 'careernav-api',
  code: 'ECONNREFUSED',
  level: 'error',
  message: 'Redis connection error:',
  stack: 'AggregateError [ECONNREFUSED]: \n' +
    '    at internalConnectMultiple (node:net:1139:18)\n' +
    '    at afterConnectMultiple (node:net:1714:7)',
  timestamp: '2026-01-23 16:41:35'
}
{
  message: 'Redis connection closed',
  level: 'warn',
  service: 'careernav-api',
  timestamp: '2026-01-23 16:41:35'
}
{
  service: 'careernav-api',
  code: 'ECONNREFUSED',
  level: 'error',
  message: 'Redis connection error:',
  stack: 'AggregateError [ECONNREFUSED]: \n' +
    '    at internalConnectMultiple (node:net:1139:18)\n' +
    '    at afterConnectMultiple (node:net:1714:7)',
  timestamp: '2026-01-23 16:41:36'
}
{
  message: 'Redis connection closed',
  level: 'warn',
  service: 'careernav-api',
  timestamp: '2026-01-23 16:41:36'
}
{
  service: 'careernav-api',
  code: 'ECONNREFUSED',
  level: 'error',
  message: 'Redis connection error:',
  stack: 'AggregateError [ECONNREFUSED]: \n' +
    '    at internalConnectMultiple (node:net:1139:18)\n' +
    '    at afterConnectMultiple (node:net:1714:7)',
  timestamp: '2026-01-23 16:41:36'
}
{
  message: 'Redis connection closed',
  level: 'warn',
  service: 'careernav-api',
  timestamp: '2026-01-23 16:41:36'
}
{
  service: 'careernav-api',
  code: 'ECONNREFUSED',
  level: 'error',
  message: 'Redis connection error:',
  stack: 'AggregateError [ECONNREFUSED]: \n' +
    '    at internalConnectMultiple (node:net:1139:18)\n' +
    '    at afterConnectMultiple (node:net:1714:7)',
  timestamp: '2026-01-23 16:41:37'
}
{
  message: 'Redis connection closed',
  level: 'warn',
  service: 'careernav-api',
  timestamp: '2026-01-23 16:41:37'
}
{
  service: 'careernav-api',
  code: 'ECONNREFUSED',
  level: 'error',
  message: 'Redis connection error:',
  stack: 'AggregateError [ECONNREFUSED]: \n' +
    '    at internalConnectMultiple (node:net:1139:18)\n' +
    '    at afterConnectMultiple (node:net:1714:7)',
  timestamp: '2026-01-23 16:41:38'
}
{
  message: 'Redis connection closed',
  level: 'warn',
  service: 'careernav-api',
  timestamp: '2026-01-23 16:41:38'
}
{
  service: 'careernav-api',
  code: 'ECONNREFUSED',
  level: 'error',
  message: 'Redis connection error:',
  stack: 'AggregateError [ECONNREFUSED]: \n' +
    '    at internalConnectMultiple (node:net:1139:18)\n' +
    '    at afterConnectMultiple (node:net:1714:7)',
  timestamp: '2026-01-23 16:41:39'
}
{
  message: 'Redis connection closed',
  level: 'warn',
  service: 'careernav-api',
  timestamp: '2026-01-23 16:41:39'
}
{
  service: 'careernav-api',
  code: 'ECONNREFUSED',
  level: 'error',
  message: 'Redis connection error:',
  stack: 'AggregateError [ECONNREFUSED]: \n' +
    '    at internalConnectMultiple (node:net:1139:18)\n' +
    '    at afterConnectMultiple (node:net:1714:7)',
  timestamp: '2026-01-23 16:41:39'
}
{
  message: 'Redis connection closed',
  level: 'warn',
  service: 'careernav-api',
  timestamp: '2026-01-23 16:41:39'
}
{
  service: 'careernav-api',
  code: 'ECONNREFUSED',
  level: 'error',
  message: 'Redis connection error:',
  stack: 'AggregateError [ECONNREFUSED]: \n' +
    '    at internalConnectMultiple (node:net:1139:18)\n' +
    '    at afterConnectMultiple (node:net:1714:7)',
  timestamp: '2026-01-23 16:41:40'
}
{
  message: 'Redis connection closed',
  level: 'warn',
  service: 'careernav-api',
  timestamp: '2026-01-23 16:41:40'
}
{
  service: 'careernav-api',
  code: 'ECONNREFUSED',
  level: 'error',
  message: 'Redis connection error:',
  stack: 'AggregateError [ECONNREFUSED]: \n' +
    '    at internalConnectMultiple (node:net:1139:18)\n' +
    '    at afterConnectMultiple (node:net:1714:7)',
  timestamp: '2026-01-23 16:41:41'
}
{
  message: 'Redis connection closed',
  level: 'warn',
  service: 'careernav-api',
  timestamp: '2026-01-23 16:41:41'
}
{
  service: 'careernav-api',
  code: 'ECONNREFUSED',
  level: 'error',
  message: 'Redis connection error:',
  stack: 'AggregateError [ECONNREFUSED]: \n' +
    '    at internalConnectMultiple (node:net:1139:18)\n' +
    '    at afterConnectMultiple (node:net:1714:7)',
  timestamp: '2026-01-23 16:41:42'
}
{
  message: 'Redis connection closed',
  level: 'warn',
  service: 'careernav-api',
  timestamp: '2026-01-23 16:41:42'
}
{
  service: 'careernav-api',
  code: 'ECONNREFUSED',
  level: 'error',
  message: 'Redis connection error:',
  stack: 'AggregateError [ECONNREFUSED]: \n' +
    '    at internalConnectMultiple (node:net:1139:18)\n' +
    '    at afterConnectMultiple (node:net:1714:7)',
  timestamp: '2026-01-23 16:41:43'
}
{
  message: 'Redis connection closed',
  level: 'warn',
  service: 'careernav-api',
  timestamp: '2026-01-23 16:41:43'
}
{
  service: 'careernav-api',
  code: 'ECONNREFUSED',
  level: 'error',
  message: 'Redis connection error:',
  stack: 'AggregateError [ECONNREFUSED]: \n' +
    '    at internalConnectMultiple (node:net:1139:18)\n' +
    '    at afterConnectMultiple (node:net:1714:7)',
  timestamp: '2026-01-23 16:41:44'
}
{
  message: 'Redis connection closed',
  level: 'warn',
  service: 'careernav-api',
  timestamp: '2026-01-23 16:41:44'
}
{
  service: 'careernav-api',
  code: 'ECONNREFUSED',
  level: 'error',
  message: 'Redis connection error:',
  stack: 'AggregateError [ECONNREFUSED]: \n' +
    '    at internalConnectMultiple (node:net:1139:18)\n' +
    '    at afterConnectMultiple (node:net:1714:7)',
  timestamp: '2026-01-23 16:41:45'
}
{
  message: 'Redis connection closed',
  level: 'warn',
  service: 'careernav-api',
  timestamp: '2026-01-23 16:41:45'
}
{
  service: 'careernav-api',
  code: 'ECONNREFUSED',
  level: 'error',
  message: 'Redis connection error:',
  stack: 'AggregateError [ECONNREFUSED]: \n' +
    '    at internalConnectMultiple (node:net:1139:18)\n' +
    '    at afterConnectMultiple (node:net:1714:7)',
  timestamp: '2026-01-23 16:41:47'
}
{
  message: 'Redis connection closed',
  level: 'warn',
  service: 'careernav-api',
  timestamp: '2026-01-23 16:41:47'
}
{
  service: 'careernav-api',
  code: 'ECONNREFUSED',
  level: 'error',
  message: 'Redis connection error:',
  stack: 'AggregateError [ECONNREFUSED]: \n' +
    '    at internalConnectMultiple (node:net:1139:18)\n' +
    '    at afterConnectMultiple (node:net:1714:7)',
  timestamp: '2026-01-23 16:41:48'
}
{
  message: 'Redis connection closed',
  level: 'warn',
  service: 'careernav-api',
  timestamp: '2026-01-23 16:41:48'
}
{
  service: 'careernav-api',
  code: 'ECONNREFUSED',
  level: 'error',
  message: 'Redis connection error:',
  stack: 'AggregateError [ECONNREFUSED]: \n' +
    '    at internalConnectMultiple (node:net:1139:18)\n' +
    '    at afterConnectMultiple (node:net:1714:7)',
  timestamp: '2026-01-23 16:41:49'
}
{
  message: 'Redis connection closed',
  level: 'warn',
  service: 'careernav-api',
  timestamp: '2026-01-23 16:41:49'
}
{
  service: 'careernav-api',
  code: 'ECONNREFUSED',
  level: 'error',
  message: 'Redis connection error:',
  stack: 'AggregateError [ECONNREFUSED]: \n' +
    '    at internalConnectMultiple (node:net:1139:18)\n' +
    '    at afterConnectMultiple (node:net:1714:7)',
  timestamp: '2026-01-23 16:41:50'
}
{
  message: 'Redis connection closed',
  level: 'warn',
  service: 'careernav-api',
  timestamp: '2026-01-23 16:41:50'
}
{
  service: 'careernav-api',
  code: 'ECONNREFUSED',
  level: 'error',
  message: 'Redis connection error:',
  stack: 'AggregateError [ECONNREFUSED]: \n' +
    '    at internalConnectMultiple (node:net:1139:18)\n' +
    '    at afterConnectMultiple (node:net:1714:7)',
  timestamp: '2026-01-23 16:41:52'
}
{
  message: 'Redis connection closed',
  level: 'warn',
  service: 'careernav-api',
  timestamp: '2026-01-23 16:41:52'
}
{
  service: 'careernav-api',
  code: 'ECONNREFUSED',
  level: 'error',
  message: 'Redis connection error:',
  stack: 'AggregateError [ECONNREFUSED]: \n' +
    '    at internalConnectMultiple (node:net:1139:18)\n' +
    '    at afterConnectMultiple (node:net:1714:7)',
  timestamp: '2026-01-23 16:41:53'
}
{
  message: 'Redis connection closed',
  level: 'warn',
  service: 'careernav-api',
  timestamp: '2026-01-23 16:41:53'
}
{
  service: 'careernav-api',
  code: 'ECONNREFUSED',
  level: 'error',
  message: 'Redis connection error:',
  stack: 'AggregateError [ECONNREFUSED]: \n' +
    '    at internalConnectMultiple (node:net:1139:18)\n' +
    '    at afterConnectMultiple (node:net:1714:7)',
  timestamp: '2026-01-23 16:41:55'
}
{
  message: 'Redis connection closed',
  level: 'warn',
  service: 'careernav-api',
  timestamp: '2026-01-23 16:41:55'
}
{
  service: 'careernav-api',
  code: 'ECONNREFUSED',
  level: 'error',
  message: 'Redis connection error:',
  stack: 'AggregateError [ECONNREFUSED]: \n' +
    '    at internalConnectMultiple (node:net:1139:18)\n' +
    '    at afterConnectMultiple (node:net:1714:7)',
  timestamp: '2026-01-23 16:41:56'
}
{
  message: 'Redis connection closed',
  level: 'warn',
  service: 'careernav-api',
  timestamp: '2026-01-23 16:41:56'
}
{
  service: 'careernav-api',
  code: 'ECONNREFUSED',
  level: 'error',
  message: 'Redis connection error:',
  stack: 'AggregateError [ECONNREFUSED]: \n' +
    '    at internalConnectMultiple (node:net:1139:18)\n' +
    '    at afterConnectMultiple (node:net:1714:7)',
  timestamp: '2026-01-23 16:41:58'
}
{
  message: 'Redis connection closed',
  level: 'warn',
  service: 'careernav-api',
  timestamp: '2026-01-23 16:41:58'
}
{
  service: 'careernav-api',
  code: 'ECONNREFUSED',
  level: 'error',
  message: 'Redis connection error:',
  stack: 'AggregateError [ECONNREFUSED]: \n' +
    '    at internalConnectMultiple (node:net:1139:18)\n' +
    '    at afterConnectMultiple (node:net:1714:7)',
  timestamp: '2026-01-23 16:41:59'
}
{
  message: 'Redis connection closed',
  level: 'warn',
  service: 'careernav-api',
  timestamp: '2026-01-23 16:41:59'
}
{
  service: 'careernav-api',
  message: 'Server Error Cannot set property query of #<IncomingMessage> which has only a getter',
  statusCode: 500,
  type: 'UnknownError',
  stack: 'TypeError: Cannot set property query of #<IncomingMessage> which has only a getter\n' +
    '    at C:\\Users\\vikas\\OneDrive\\Desktop\\Major\\server\\node_modules\\express-mongo-sanitize\\index.js:113:18\n' +
    '    at Array.forEach (<anonymous>)\n' +
    '    at C:\\Users\\vikas\\OneDrive\\Desktop\\Major\\server\\node_modules\\express-mongo-sanitize\\index.js:110:44\n' +
    '    at Layer.handleRequest (C:\\Users\\vikas\\OneDrive\\Desktop\\Major\\server\\node_modules\\router\\lib\\layer.js:152:17)\n' +
    '    at trimPrefix (C:\\Users\\vikas\\OneDrive\\Desktop\\Major\\server\\node_modules\\router\\index.js:342:13)\n' +
    '    at C:\\Users\\vikas\\OneDrive\\Desktop\\Major\\server\\node_modules\\router\\index.js:297:9\n' +
    '    at processParams (C:\\Users\\vikas\\OneDrive\\Desktop\\Major\\server\\node_modules\\router\\index.js:582:12)\n' +
    '    at next (C:\\Users\\vikas\\OneDrive\\Desktop\\Major\\server\\node_modules\\router\\index.js:291:5)\n' +
    '    at compression (C:\\Users\\vikas\\OneDrive\\Desktop\\Major\\server\\node_modules\\compression\\index.js:243:5)\n' +
    '    at Layer.handleRequest (C:\\Users\\vikas\\OneDrive\\Desktop\\Major\\server\\node_modules\\router\\lib\\layer.js:152:17)',
  route: '/',
  method: 'GET',
  ip: '::1',
  userAgent: 'Mozilla/5.0 (Windows NT 10.0; Win64; x64) AppleWebKit/537.36 (KHTML, like Gecko) Chrome/143.0.0.0 Safari/537.36',
  userId: undefined,
  body: undefined,
  query: [Object: null prototype] {},
  params: {},
  timestamp: '2026-01-23 16:42:52',
  level: 'error'
}
{
  service: 'careernav-api',
  message: 'Server Error Cannot set property query of #<IncomingMessage> which has only a getter',
  statusCode: 500,
  type: 'UnknownError',
  stack: 'TypeError: Cannot set property query of #<IncomingMessage> which has only a getter\n' +
    '    at C:\\Users\\vikas\\OneDrive\\Desktop\\Major\\server\\node_modules\\express-mongo-sanitize\\index.js:113:18\n' +
    '    at Array.forEach (<anonymous>)\n' +
    '    at C:\\Users\\vikas\\OneDrive\\Desktop\\Major\\server\\node_modules\\express-mongo-sanitize\\index.js:110:44\n' +
    '    at Layer.handleRequest (C:\\Users\\vikas\\OneDrive\\Desktop\\Major\\server\\node_modules\\router\\lib\\layer.js:152:17)\n' +
    '    at trimPrefix (C:\\Users\\vikas\\OneDrive\\Desktop\\Major\\server\\node_modules\\router\\index.js:342:13)\n' +
    '    at C:\\Users\\vikas\\OneDrive\\Desktop\\Major\\server\\node_modules\\router\\index.js:297:9\n' +
    '    at processParams (C:\\Users\\vikas\\OneDrive\\Desktop\\Major\\server\\node_modules\\router\\index.js:582:12)\n' +
    '    at next (C:\\Users\\vikas\\OneDrive\\Desktop\\Major\\server\\node_modules\\router\\index.js:291:5)\n' +
    '    at compression (C:\\Users\\vikas\\OneDrive\\Desktop\\Major\\server\\node_modules\\compression\\index.js:243:5)\n' +
    '    at Layer.handleRequest (C:\\Users\\vikas\\OneDrive\\Desktop\\Major\\server\\node_modules\\router\\lib\\layer.js:152:17)',
  route: '/favicon.ico',
  method: 'GET',
  ip: '::1',
  userAgent: 'Mozilla/5.0 (Windows NT 10.0; Win64; x64) AppleWebKit/537.36 (KHTML, like Gecko) Chrome/143.0.0.0 Safari/537.36',
  userId: undefined,
  body: undefined,
  query: [Object: null prototype] {},
  params: {},
  timestamp: '2026-01-23 16:42:52',
  level: 'error'
}
{
  service: 'careernav-api',
  message: 'Server Error Cannot set property query of #<IncomingMessage> which has only a getter',
  statusCode: 500,
  type: 'UnknownError',
  stack: 'TypeError: Cannot set property query of #<IncomingMessage> which has only a getter\n' +
    '    at C:\\Users\\vikas\\OneDrive\\Desktop\\Major\\server\\node_modules\\express-mongo-sanitize\\index.js:113:18\n' +
    '    at Array.forEach (<anonymous>)\n' +
    '    at C:\\Users\\vikas\\OneDrive\\Desktop\\Major\\server\\node_modules\\express-mongo-sanitize\\index.js:110:44\n' +
    '    at Layer.handleRequest (C:\\Users\\vikas\\OneDrive\\Desktop\\Major\\server\\node_modules\\router\\lib\\layer.js:152:17)\n' +
    '    at trimPrefix (C:\\Users\\vikas\\OneDrive\\Desktop\\Major\\server\\node_modules\\router\\index.js:342:13)\n' +
    '    at C:\\Users\\vikas\\OneDrive\\Desktop\\Major\\server\\node_modules\\router\\index.js:297:9\n' +
    '    at processParams (C:\\Users\\vikas\\OneDrive\\Desktop\\Major\\server\\node_modules\\router\\index.js:582:12)\n' +
    '    at next (C:\\Users\\vikas\\OneDrive\\Desktop\\Major\\server\\node_modules\\router\\index.js:291:5)\n' +
    '    at compression (C:\\Users\\vikas\\OneDrive\\Desktop\\Major\\server\\node_modules\\compression\\index.js:243:5)\n' +
    '    at Layer.handleRequest (C:\\Users\\vikas\\OneDrive\\Desktop\\Major\\server\\node_modules\\router\\lib\\layer.js:152:17)',
  route: '/health',
  method: 'GET',
  ip: '::1',
  userAgent: 'Mozilla/5.0 (Windows NT 10.0; Win64; x64) AppleWebKit/537.36 (KHTML, like Gecko) Chrome/143.0.0.0 Safari/537.36',
  userId: undefined,
  body: undefined,
  query: [Object: null prototype] {},
  params: {},
  timestamp: '2026-01-23 16:43:18',
  level: 'error'
}
{
  service: 'careernav-api',
  message: 'Server Error Cannot set property query of #<IncomingMessage> which has only a getter',
  statusCode: 500,
  type: 'UnknownError',
  stack: 'TypeError: Cannot set property query of #<IncomingMessage> which has only a getter\n' +
    '    at C:\\Users\\vikas\\OneDrive\\Desktop\\Major\\server\\node_modules\\express-mongo-sanitize\\index.js:113:18\n' +
    '    at Array.forEach (<anonymous>)\n' +
    '    at C:\\Users\\vikas\\OneDrive\\Desktop\\Major\\server\\node_modules\\express-mongo-sanitize\\index.js:110:44\n' +
    '    at Layer.handleRequest (C:\\Users\\vikas\\OneDrive\\Desktop\\Major\\server\\node_modules\\router\\lib\\layer.js:152:17)\n' +
    '    at trimPrefix (C:\\Users\\vikas\\OneDrive\\Desktop\\Major\\server\\node_modules\\router\\index.js:342:13)\n' +
    '    at C:\\Users\\vikas\\OneDrive\\Desktop\\Major\\server\\node_modules\\router\\index.js:297:9\n' +
    '    at processParams (C:\\Users\\vikas\\OneDrive\\Desktop\\Major\\server\\node_modules\\router\\index.js:582:12)\n' +
    '    at next (C:\\Users\\vikas\\OneDrive\\Desktop\\Major\\server\\node_modules\\router\\index.js:291:5)\n' +
    '    at compression (C:\\Users\\vikas\\OneDrive\\Desktop\\Major\\server\\node_modules\\compression\\index.js:243:5)\n' +
    '    at Layer.handleRequest (C:\\Users\\vikas\\OneDrive\\Desktop\\Major\\server\\node_modules\\router\\lib\\layer.js:152:17)',
  route: '/favicon.ico',
  method: 'GET',
  ip: '::1',
  userAgent: 'Mozilla/5.0 (Windows NT 10.0; Win64; x64) AppleWebKit/537.36 (KHTML, like Gecko) Chrome/143.0.0.0 Safari/537.36',
  userId: undefined,
  body: undefined,
  query: [Object: null prototype] {},
  params: {},
  timestamp: '2026-01-23 16:43:18',
  level: 'error'
}
{
  service: 'careernav-api',
  message: 'Server Error Cannot set property query of #<IncomingMessage> which has only a getter',
  statusCode: 500,
  type: 'UnknownError',
  stack: 'TypeError: Cannot set property query of #<IncomingMessage> which has only a getter\n' +
    '    at C:\\Users\\vikas\\OneDrive\\Desktop\\Major\\server\\node_modules\\express-mongo-sanitize\\index.js:113:18\n' +
    '    at Array.forEach (<anonymous>)\n' +
    '    at C:\\Users\\vikas\\OneDrive\\Desktop\\Major\\server\\node_modules\\express-mongo-sanitize\\index.js:110:44\n' +
    '    at Layer.handleRequest (C:\\Users\\vikas\\OneDrive\\Desktop\\Major\\server\\node_modules\\router\\lib\\layer.js:152:17)\n' +
    '    at trimPrefix (C:\\Users\\vikas\\OneDrive\\Desktop\\Major\\server\\node_modules\\router\\index.js:342:13)\n' +
    '    at C:\\Users\\vikas\\OneDrive\\Desktop\\Major\\server\\node_modules\\router\\index.js:297:9\n' +
    '    at processParams (C:\\Users\\vikas\\OneDrive\\Desktop\\Major\\server\\node_modules\\router\\index.js:582:12)\n' +
    '    at next (C:\\Users\\vikas\\OneDrive\\Desktop\\Major\\server\\node_modules\\router\\index.js:291:5)\n' +
    '    at compression (C:\\Users\\vikas\\OneDrive\\Desktop\\Major\\server\\node_modules\\compression\\index.js:243:5)\n' +
    '    at Layer.handleRequest (C:\\Users\\vikas\\OneDrive\\Desktop\\Major\\server\\node_modules\\router\\lib\\layer.js:152:17)',
  route: '/health',
  method: 'GET',
  ip: '::1',
  userAgent: 'Mozilla/5.0 (Windows NT 10.0; Win64; x64) AppleWebKit/537.36 (KHTML, like Gecko) Chrome/143.0.0.0 Safari/537.36',
  userId: undefined,
  body: undefined,
  query: [Object: null prototype] {},
  params: {},
  timestamp: '2026-01-23 16:45:18',
  level: 'error'
}
{
  service: 'careernav-api',
  message: 'Server Error Cannot set property query of #<IncomingMessage> which has only a getter',
  statusCode: 500,
  type: 'UnknownError',
  stack: 'TypeError: Cannot set property query of #<IncomingMessage> which has only a getter\n' +
    '    at C:\\Users\\vikas\\OneDrive\\Desktop\\Major\\server\\node_modules\\express-mongo-sanitize\\index.js:113:18\n' +
    '    at Array.forEach (<anonymous>)\n' +
    '    at C:\\Users\\vikas\\OneDrive\\Desktop\\Major\\server\\node_modules\\express-mongo-sanitize\\index.js:110:44\n' +
    '    at Layer.handleRequest (C:\\Users\\vikas\\OneDrive\\Desktop\\Major\\server\\node_modules\\router\\lib\\layer.js:152:17)\n' +
    '    at trimPrefix (C:\\Users\\vikas\\OneDrive\\Desktop\\Major\\server\\node_modules\\router\\index.js:342:13)\n' +
    '    at C:\\Users\\vikas\\OneDrive\\Desktop\\Major\\server\\node_modules\\router\\index.js:297:9\n' +
    '    at processParams (C:\\Users\\vikas\\OneDrive\\Desktop\\Major\\server\\node_modules\\router\\index.js:582:12)\n' +
    '    at next (C:\\Users\\vikas\\OneDrive\\Desktop\\Major\\server\\node_modules\\router\\index.js:291:5)\n' +
    '    at compression (C:\\Users\\vikas\\OneDrive\\Desktop\\Major\\server\\node_modules\\compression\\index.js:243:5)\n' +
    '    at Layer.handleRequest (C:\\Users\\vikas\\OneDrive\\Desktop\\Major\\server\\node_modules\\router\\lib\\layer.js:152:17)',
  route: '/favicon.ico',
  method: 'GET',
  ip: '::1',
  userAgent: 'Mozilla/5.0 (Windows NT 10.0; Win64; x64) AppleWebKit/537.36 (KHTML, like Gecko) Chrome/143.0.0.0 Safari/537.36',
  userId: undefined,
  body: undefined,
  query: [Object: null prototype] {},
  params: {},
  timestamp: '2026-01-23 16:45:19',
  level: 'error'
}
{
  service: 'careernav-api',
  message: 'Server Error Cannot set property query of #<IncomingMessage> which has only a getter',
  statusCode: 500,
  type: 'UnknownError',
  stack: 'TypeError: Cannot set property query of #<IncomingMessage> which has only a getter\n' +
    '    at C:\\Users\\vikas\\OneDrive\\Desktop\\Major\\server\\node_modules\\express-mongo-sanitize\\index.js:113:18\n' +
    '    at Array.forEach (<anonymous>)\n' +
    '    at C:\\Users\\vikas\\OneDrive\\Desktop\\Major\\server\\node_modules\\express-mongo-sanitize\\index.js:110:44\n' +
    '    at Layer.handleRequest (C:\\Users\\vikas\\OneDrive\\Desktop\\Major\\server\\node_modules\\router\\lib\\layer.js:152:17)\n' +
    '    at trimPrefix (C:\\Users\\vikas\\OneDrive\\Desktop\\Major\\server\\node_modules\\router\\index.js:342:13)\n' +
    '    at C:\\Users\\vikas\\OneDrive\\Desktop\\Major\\server\\node_modules\\router\\index.js:297:9\n' +
    '    at processParams (C:\\Users\\vikas\\OneDrive\\Desktop\\Major\\server\\node_modules\\router\\index.js:582:12)\n' +
    '    at next (C:\\Users\\vikas\\OneDrive\\Desktop\\Major\\server\\node_modules\\router\\index.js:291:5)\n' +
    '    at compression (C:\\Users\\vikas\\OneDrive\\Desktop\\Major\\server\\node_modules\\compression\\index.js:243:5)\n' +
    '    at Layer.handleRequest (C:\\Users\\vikas\\OneDrive\\Desktop\\Major\\server\\node_modules\\router\\lib\\layer.js:152:17)',
  route: '/health',
  method: 'GET',
  ip: '::1',
  userAgent: 'Mozilla/5.0 (Windows NT 10.0; Win64; x64) AppleWebKit/537.36 (KHTML, like Gecko) Chrome/143.0.0.0 Safari/537.36',
  userId: undefined,
  body: undefined,
  query: [Object: null prototype] {},
  params: {},
  timestamp: '2026-01-23 16:46:58',
  level: 'error'
}
{
  service: 'careernav-api',
  message: 'Server Error Cannot set property query of #<IncomingMessage> which has only a getter',
  statusCode: 500,
  type: 'UnknownError',
  stack: 'TypeError: Cannot set property query of #<IncomingMessage> which has only a getter\n' +
    '    at C:\\Users\\vikas\\OneDrive\\Desktop\\Major\\server\\node_modules\\express-mongo-sanitize\\index.js:113:18\n' +
    '    at Array.forEach (<anonymous>)\n' +
    '    at C:\\Users\\vikas\\OneDrive\\Desktop\\Major\\server\\node_modules\\express-mongo-sanitize\\index.js:110:44\n' +
    '    at Layer.handleRequest (C:\\Users\\vikas\\OneDrive\\Desktop\\Major\\server\\node_modules\\router\\lib\\layer.js:152:17)\n' +
    '    at trimPrefix (C:\\Users\\vikas\\OneDrive\\Desktop\\Major\\server\\node_modules\\router\\index.js:342:13)\n' +
    '    at C:\\Users\\vikas\\OneDrive\\Desktop\\Major\\server\\node_modules\\router\\index.js:297:9\n' +
    '    at processParams (C:\\Users\\vikas\\OneDrive\\Desktop\\Major\\server\\node_modules\\router\\index.js:582:12)\n' +
    '    at next (C:\\Users\\vikas\\OneDrive\\Desktop\\Major\\server\\node_modules\\router\\index.js:291:5)\n' +
    '    at compression (C:\\Users\\vikas\\OneDrive\\Desktop\\Major\\server\\node_modules\\compression\\index.js:243:5)\n' +
    '    at Layer.handleRequest (C:\\Users\\vikas\\OneDrive\\Desktop\\Major\\server\\node_modules\\router\\lib\\layer.js:152:17)',
  route: '/favicon.ico',
  method: 'GET',
  ip: '::1',
  userAgent: 'Mozilla/5.0 (Windows NT 10.0; Win64; x64) AppleWebKit/537.36 (KHTML, like Gecko) Chrome/143.0.0.0 Safari/537.36',
  userId: undefined,
  body: undefined,
  query: [Object: null prototype] {},
  params: {},
  timestamp: '2026-01-23 16:46:58',
  level: 'error'
}
{
  service: 'careernav-api',
  message: 'Server Error Cannot set property query of #<IncomingMessage> which has only a getter',
  statusCode: 500,
  type: 'UnknownError',
  stack: 'TypeError: Cannot set property query of #<IncomingMessage> which has only a getter\n' +
    '    at C:\\Users\\vikas\\OneDrive\\Desktop\\Major\\server\\node_modules\\express-mongo-sanitize\\index.js:113:18\n' +
    '    at Array.forEach (<anonymous>)\n' +
    '    at C:\\Users\\vikas\\OneDrive\\Desktop\\Major\\server\\node_modules\\express-mongo-sanitize\\index.js:110:44\n' +
    '    at Layer.handleRequest (C:\\Users\\vikas\\OneDrive\\Desktop\\Major\\server\\node_modules\\router\\lib\\layer.js:152:17)\n' +
    '    at trimPrefix (C:\\Users\\vikas\\OneDrive\\Desktop\\Major\\server\\node_modules\\router\\index.js:342:13)\n' +
    '    at C:\\Users\\vikas\\OneDrive\\Desktop\\Major\\server\\node_modules\\router\\index.js:297:9\n' +
    '    at processParams (C:\\Users\\vikas\\OneDrive\\Desktop\\Major\\server\\node_modules\\router\\index.js:582:12)\n' +
    '    at next (C:\\Users\\vikas\\OneDrive\\Desktop\\Major\\server\\node_modules\\router\\index.js:291:5)\n' +
    '    at compression (C:\\Users\\vikas\\OneDrive\\Desktop\\Major\\server\\node_modules\\compression\\index.js:243:5)\n' +
    '    at Layer.handleRequest (C:\\Users\\vikas\\OneDrive\\Desktop\\Major\\server\\node_modules\\router\\lib\\layer.js:152:17)',
  route: '/',
  method: 'GET',
  ip: '::1',
  userAgent: 'Mozilla/5.0 (Windows NT 10.0; Win64; x64) AppleWebKit/537.36 (KHTML, like Gecko) Chrome/143.0.0.0 Safari/537.36',
  userId: undefined,
  body: undefined,
  query: [Object: null prototype] {},
  params: {},
  timestamp: '2026-01-23 16:47:01',
  level: 'error'
}
{
  service: 'careernav-api',
  message: 'Server Error Cannot set property query of #<IncomingMessage> which has only a getter',
  statusCode: 500,
  type: 'UnknownError',
  stack: 'TypeError: Cannot set property query of #<IncomingMessage> which has only a getter\n' +
    '    at C:\\Users\\vikas\\OneDrive\\Desktop\\Major\\server\\node_modules\\express-mongo-sanitize\\index.js:113:18\n' +
    '    at Array.forEach (<anonymous>)\n' +
    '    at C:\\Users\\vikas\\OneDrive\\Desktop\\Major\\server\\node_modules\\express-mongo-sanitize\\index.js:110:44\n' +
    '    at Layer.handleRequest (C:\\Users\\vikas\\OneDrive\\Desktop\\Major\\server\\node_modules\\router\\lib\\layer.js:152:17)\n' +
    '    at trimPrefix (C:\\Users\\vikas\\OneDrive\\Desktop\\Major\\server\\node_modules\\router\\index.js:342:13)\n' +
    '    at C:\\Users\\vikas\\OneDrive\\Desktop\\Major\\server\\node_modules\\router\\index.js:297:9\n' +
    '    at processParams (C:\\Users\\vikas\\OneDrive\\Desktop\\Major\\server\\node_modules\\router\\index.js:582:12)\n' +
    '    at next (C:\\Users\\vikas\\OneDrive\\Desktop\\Major\\server\\node_modules\\router\\index.js:291:5)\n' +
    '    at compression (C:\\Users\\vikas\\OneDrive\\Desktop\\Major\\server\\node_modules\\compression\\index.js:243:5)\n' +
    '    at Layer.handleRequest (C:\\Users\\vikas\\OneDrive\\Desktop\\Major\\server\\node_modules\\router\\lib\\layer.js:152:17)',
  route: '/favicon.ico',
  method: 'GET',
  ip: '::1',
  userAgent: 'Mozilla/5.0 (Windows NT 10.0; Win64; x64) AppleWebKit/537.36 (KHTML, like Gecko) Chrome/143.0.0.0 Safari/537.36',
  userId: undefined,
  body: undefined,
  query: [Object: null prototype] {},
  params: {},
  timestamp: '2026-01-23 16:47:02',
  level: 'error'
}
{
  service: 'careernav-api',
  message: 'Server Error Cannot set property query of #<IncomingMessage> which has only a getter',
  statusCode: 500,
  type: 'UnknownError',
  stack: 'TypeError: Cannot set property query of #<IncomingMessage> which has only a getter\n' +
    '    at C:\\Users\\vikas\\OneDrive\\Desktop\\Major\\server\\node_modules\\express-mongo-sanitize\\index.js:113:18\n' +
    '    at Array.forEach (<anonymous>)\n' +
    '    at C:\\Users\\vikas\\OneDrive\\Desktop\\Major\\server\\node_modules\\express-mongo-sanitize\\index.js:110:44\n' +
    '    at Layer.handleRequest (C:\\Users\\vikas\\OneDrive\\Desktop\\Major\\server\\node_modules\\router\\lib\\layer.js:152:17)\n' +
    '    at trimPrefix (C:\\Users\\vikas\\OneDrive\\Desktop\\Major\\server\\node_modules\\router\\index.js:342:13)\n' +
    '    at C:\\Users\\vikas\\OneDrive\\Desktop\\Major\\server\\node_modules\\router\\index.js:297:9\n' +
    '    at processParams (C:\\Users\\vikas\\OneDrive\\Desktop\\Major\\server\\node_modules\\router\\index.js:582:12)\n' +
    '    at next (C:\\Users\\vikas\\OneDrive\\Desktop\\Major\\server\\node_modules\\router\\index.js:291:5)\n' +
    '    at compression (C:\\Users\\vikas\\OneDrive\\Desktop\\Major\\server\\node_modules\\compression\\index.js:243:5)\n' +
    '    at Layer.handleRequest (C:\\Users\\vikas\\OneDrive\\Desktop\\Major\\server\\node_modules\\router\\lib\\layer.js:152:17)',
  route: '/',
  method: 'GET',
  ip: '::1',
  userAgent: 'Mozilla/5.0 (Windows NT 10.0; Win64; x64) AppleWebKit/537.36 (KHTML, like Gecko) Chrome/143.0.0.0 Safari/537.36',
  userId: undefined,
  body: undefined,
  query: [Object: null prototype] {},
  params: {},
  timestamp: '2026-01-23 16:47:04',
  level: 'error'
}
{
  service: 'careernav-api',
  message: 'Server Error Cannot set property query of #<IncomingMessage> which has only a getter',
  statusCode: 500,
  type: 'UnknownError',
  stack: 'TypeError: Cannot set property query of #<IncomingMessage> which has only a getter\n' +
    '    at C:\\Users\\vikas\\OneDrive\\Desktop\\Major\\server\\node_modules\\express-mongo-sanitize\\index.js:113:18\n' +
    '    at Array.forEach (<anonymous>)\n' +
    '    at C:\\Users\\vikas\\OneDrive\\Desktop\\Major\\server\\node_modules\\express-mongo-sanitize\\index.js:110:44\n' +
    '    at Layer.handleRequest (C:\\Users\\vikas\\OneDrive\\Desktop\\Major\\server\\node_modules\\router\\lib\\layer.js:152:17)\n' +
    '    at trimPrefix (C:\\Users\\vikas\\OneDrive\\Desktop\\Major\\server\\node_modules\\router\\index.js:342:13)\n' +
    '    at C:\\Users\\vikas\\OneDrive\\Desktop\\Major\\server\\node_modules\\router\\index.js:297:9\n' +
    '    at processParams (C:\\Users\\vikas\\OneDrive\\Desktop\\Major\\server\\node_modules\\router\\index.js:582:12)\n' +
    '    at next (C:\\Users\\vikas\\OneDrive\\Desktop\\Major\\server\\node_modules\\router\\index.js:291:5)\n' +
    '    at compression (C:\\Users\\vikas\\OneDrive\\Desktop\\Major\\server\\node_modules\\compression\\index.js:243:5)\n' +
    '    at Layer.handleRequest (C:\\Users\\vikas\\OneDrive\\Desktop\\Major\\server\\node_modules\\router\\lib\\layer.js:152:17)',
  route: '/favicon.ico',
  method: 'GET',
  ip: '::1',
  userAgent: 'Mozilla/5.0 (Windows NT 10.0; Win64; x64) AppleWebKit/537.36 (KHTML, like Gecko) Chrome/143.0.0.0 Safari/537.36',
  userId: undefined,
  body: undefined,
  query: [Object: null prototype] {},
  params: {},
  timestamp: '2026-01-23 16:47:05',
  level: 'error'
}
{
  service: 'careernav-api',
  level: 'error',
  message: 'Failed to start server: logger.ingo is not a function',
  stack: 'TypeError: logger.ingo is not a function\n' +
    '    at Server.<anonymous> (file:///C:/Users/vikas/OneDrive/Desktop/Major/server/server.js:55:15)\n' +
    '    at process.processTicksAndRejections (node:internal/process/task_queues:105:5)',
  timestamp: '2026-02-26 04:05:21'
}
{
  service: 'careernav-api',
  message: 'Server Error Cannot set property query of #<IncomingMessage> which has only a getter',
  statusCode: 500,
  type: 'UnknownError',
  stack: 'TypeError: Cannot set property query of #<IncomingMessage> which has only a getter\n' +
    '    at C:\\Users\\vikas\\OneDrive\\Desktop\\Major\\server\\node_modules\\express-mongo-sanitize\\index.js:113:18\n' +
    '    at Array.forEach (<anonymous>)\n' +
    '    at C:\\Users\\vikas\\OneDrive\\Desktop\\Major\\server\\node_modules\\express-mongo-sanitize\\index.js:110:44\n' +
    '    at Layer.handleRequest (C:\\Users\\vikas\\OneDrive\\Desktop\\Major\\server\\node_modules\\router\\lib\\layer.js:152:17)\n' +
    '    at trimPrefix (C:\\Users\\vikas\\OneDrive\\Desktop\\Major\\server\\node_modules\\router\\index.js:342:13)\n' +
    '    at C:\\Users\\vikas\\OneDrive\\Desktop\\Major\\server\\node_modules\\router\\index.js:297:9\n' +
    '    at processParams (C:\\Users\\vikas\\OneDrive\\Desktop\\Major\\server\\node_modules\\router\\index.js:582:12)\n' +
    '    at next (C:\\Users\\vikas\\OneDrive\\Desktop\\Major\\server\\node_modules\\router\\index.js:291:5)\n' +
    '    at compression (C:\\Users\\vikas\\OneDrive\\Desktop\\Major\\server\\node_modules\\compression\\index.js:243:5)\n' +
    '    at Layer.handleRequest (C:\\Users\\vikas\\OneDrive\\Desktop\\Major\\server\\node_modules\\router\\lib\\layer.js:152:17)',
  route: '/api/v1/auth/login',
  method: 'POST',
  ip: '::1',
  userAgent: 'Mozilla/5.0 (Windows NT 10.0; Win64; x64) AppleWebKit/537.36 (KHTML, like Gecko) Chrome/145.0.0.0 Safari/537.36',
  userId: undefined,
  body: undefined,
  query: [Object: null prototype] {},
  params: {},
  timestamp: '2026-03-15 21:19:15',
  level: 'error'
}
{
  service: 'careernav-api',
  message: 'Server Error Cannot set property query of #<IncomingMessage> which has only a getter',
  statusCode: 500,
  type: 'UnknownError',
  stack: 'TypeError: Cannot set property query of #<IncomingMessage> which has only a getter\n' +
    '    at C:\\Users\\vikas\\OneDrive\\Desktop\\Major\\server\\node_modules\\xss-clean\\lib\\index.js:8:30\n' +
    '    at Layer.handleRequest (C:\\Users\\vikas\\OneDrive\\Desktop\\Major\\server\\node_modules\\router\\lib\\layer.js:152:17)\n' +
    '    at trimPrefix (C:\\Users\\vikas\\OneDrive\\Desktop\\Major\\server\\node_modules\\router\\index.js:342:13)\n' +
    '    at C:\\Users\\vikas\\OneDrive\\Desktop\\Major\\server\\node_modules\\router\\index.js:297:9\n' +
    '    at processParams (C:\\Users\\vikas\\OneDrive\\Desktop\\Major\\server\\node_modules\\router\\index.js:582:12)\n' +
    '    at next (C:\\Users\\vikas\\OneDrive\\Desktop\\Major\\server\\node_modules\\router\\index.js:291:5)\n' +
    '    at compression (C:\\Users\\vikas\\OneDrive\\Desktop\\Major\\server\\node_modules\\compression\\index.js:243:5)\n' +
    '    at Layer.handleRequest (C:\\Users\\vikas\\OneDrive\\Desktop\\Major\\server\\node_modules\\router\\lib\\layer.js:152:17)\n' +
    '    at trimPrefix (C:\\Users\\vikas\\OneDrive\\Desktop\\Major\\server\\node_modules\\router\\index.js:342:13)\n' +
    '    at C:\\Users\\vikas\\OneDrive\\Desktop\\Major\\server\\node_modules\\router\\index.js:297:9',
  route: '/api/v1/auth/login',
  method: 'POST',
  ip: '::1',
  userAgent: 'Mozilla/5.0 (Windows NT 10.0; Win64; x64) AppleWebKit/537.36 (KHTML, like Gecko) Chrome/145.0.0.0 Safari/537.36',
  userId: undefined,
  body: undefined,
  query: [Object: null prototype] {},
  params: {},
  timestamp: '2026-03-16 08:31:03',
  level: 'error'
}
{
  service: 'careernav-api',
  message: 'Server Error Cannot set property query of #<IncomingMessage> which has only a getter',
  statusCode: 500,
  type: 'UnknownError',
  stack: 'TypeError: Cannot set property query of #<IncomingMessage> which has only a getter\n' +
    '    at C:\\Users\\vikas\\OneDrive\\Desktop\\Major\\server\\node_modules\\xss-clean\\lib\\index.js:8:30\n' +
    '    at Layer.handleRequest (C:\\Users\\vikas\\OneDrive\\Desktop\\Major\\server\\node_modules\\router\\lib\\layer.js:152:17)\n' +
    '    at trimPrefix (C:\\Users\\vikas\\OneDrive\\Desktop\\Major\\server\\node_modules\\router\\index.js:342:13)\n' +
    '    at C:\\Users\\vikas\\OneDrive\\Desktop\\Major\\server\\node_modules\\router\\index.js:297:9\n' +
    '    at processParams (C:\\Users\\vikas\\OneDrive\\Desktop\\Major\\server\\node_modules\\router\\index.js:582:12)\n' +
    '    at next (C:\\Users\\vikas\\OneDrive\\Desktop\\Major\\server\\node_modules\\router\\index.js:291:5)\n' +
    '    at compression (C:\\Users\\vikas\\OneDrive\\Desktop\\Major\\server\\node_modules\\compression\\index.js:243:5)\n' +
    '    at Layer.handleRequest (C:\\Users\\vikas\\OneDrive\\Desktop\\Major\\server\\node_modules\\router\\lib\\layer.js:152:17)\n' +
    '    at trimPrefix (C:\\Users\\vikas\\OneDrive\\Desktop\\Major\\server\\node_modules\\router\\index.js:342:13)\n' +
    '    at C:\\Users\\vikas\\OneDrive\\Desktop\\Major\\server\\node_modules\\router\\index.js:297:9',
  route: '/api/v1/auth/login',
  method: 'POST',
  ip: '::1',
  userAgent: 'Mozilla/5.0 (Windows NT 10.0; Win64; x64) AppleWebKit/537.36 (KHTML, like Gecko) Chrome/145.0.0.0 Safari/537.36',
  userId: undefined,
  body: undefined,
  query: [Object: null prototype] {},
  params: {},
  timestamp: '2026-03-16 08:31:11',
  level: 'error'
}
{
  message: 'MongoDB disconnected',
  level: 'warn',
  service: 'careernav-api',
  timestamp: '2026-03-16 08:31:26'
}
{
  service: 'careernav-api',
  message: 'Server Error Cannot set property query of #<IncomingMessage> which has only a getter',
  statusCode: 500,
  type: 'UnknownError',
  stack: 'TypeError: Cannot set property query of #<IncomingMessage> which has only a getter\n' +
    '    at C:\\Users\\vikas\\OneDrive\\Desktop\\Major\\server\\node_modules\\xss-clean\\lib\\index.js:8:30\n' +
    '    at Layer.handleRequest (C:\\Users\\vikas\\OneDrive\\Desktop\\Major\\server\\node_modules\\router\\lib\\layer.js:152:17)\n' +
    '    at trimPrefix (C:\\Users\\vikas\\OneDrive\\Desktop\\Major\\server\\node_modules\\router\\index.js:342:13)\n' +
    '    at C:\\Users\\vikas\\OneDrive\\Desktop\\Major\\server\\node_modules\\router\\index.js:297:9\n' +
    '    at processParams (C:\\Users\\vikas\\OneDrive\\Desktop\\Major\\server\\node_modules\\router\\index.js:582:12)\n' +
    '    at next (C:\\Users\\vikas\\OneDrive\\Desktop\\Major\\server\\node_modules\\router\\index.js:291:5)\n' +
    '    at compression (C:\\Users\\vikas\\OneDrive\\Desktop\\Major\\server\\node_modules\\compression\\index.js:243:5)\n' +
    '    at Layer.handleRequest (C:\\Users\\vikas\\OneDrive\\Desktop\\Major\\server\\node_modules\\router\\lib\\layer.js:152:17)\n' +
    '    at trimPrefix (C:\\Users\\vikas\\OneDrive\\Desktop\\Major\\server\\node_modules\\router\\index.js:342:13)\n' +
    '    at C:\\Users\\vikas\\OneDrive\\Desktop\\Major\\server\\node_modules\\router\\index.js:297:9',
  route: '/api/v1/auth/login',
  method: 'POST',
  ip: '::1',
  userAgent: 'Mozilla/5.0 (Windows NT 10.0; Win64; x64) AppleWebKit/537.36 (KHTML, like Gecko) Chrome/145.0.0.0 Safari/537.36',
  userId: undefined,
  body: undefined,
  query: [Object: null prototype] {},
  params: {},
  timestamp: '2026-03-16 08:32:16',
  level: 'error'
}
{
  service: 'careernav-api',
  type: 'security',
  ip: '::1',
  userAgent: 'Mozilla/5.0 (Windows NT 10.0; Win64; x64) AppleWebKit/537.36 (KHTML, like Gecko) Chrome/145.0.0.0 Safari/537.36',
  userId: undefined,
  url: '/api/v1/auth/login',
  method: 'POST',
  email: 'be@fixlsolutions.com',
  level: 'warn',
  message: 'Security event: Login attempt with non-existent email',
  timestamp: '2026-03-16 08:33:30'
}
{
  service: 'careernav-api',
  message: 'Client Error Invalid credentials',
  statusCode: 401,
  type: 'UnknownError',
  stack: 'Error: Invalid credentials\n' +
    '    at loginService (file:///C:/Users/vikas/OneDrive/Desktop/Major/server/src/services/auth.service.js:108:11)\n' +
    '    at process.processTicksAndRejections (node:internal/process/task_queues:105:5)\n' +
    '    at async file:///C:/Users/vikas/OneDrive/Desktop/Major/server/src/controllers/auth.controller.js:44:24',
  route: '/api/v1/auth/login',
  method: 'POST',
  ip: '::1',
  userAgent: 'Mozilla/5.0 (Windows NT 10.0; Win64; x64) AppleWebKit/537.36 (KHTML, like Gecko) Chrome/145.0.0.0 Safari/537.36',
  userId: undefined,
  body: { email: 'be@fixlsolutions.com', password: '123456' },
  query: [Object: null prototype] {},
  params: {},
  timestamp: '2026-03-16 08:33:30',
  level: 'warn'
}
{
  service: 'careernav-api',
  type: 'security',
  ip: '::1',
  userAgent: 'Mozilla/5.0 (Windows NT 10.0; Win64; x64) AppleWebKit/537.36 (KHTML, like Gecko) Chrome/145.0.0.0 Safari/537.36',
  userId: undefined,
  url: '/api/v1/auth/login',
  method: 'POST',
  level: 'warn',
  message: 'Security violation: Invalid credentials',
  timestamp: '2026-03-16 08:33:30'
}
{
  service: 'careernav-api',
  type: 'request',
  method: 'POST',
  url: '/api/v1/auth/login',
  ip: '::1',
  userAgent: 'Mozilla/5.0 (Windows NT 10.0; Win64; x64) AppleWebKit/537.36 (KHTML, like Gecko) Chrome/145.0.0.0 Safari/537.36',
  userId: undefined,
  statusCode: 401,
  responseTime: '169ms',
  timestamp: '2026-03-16 08:33:30',
  level: 'warn',
  message: 'HTTP Error'
}
{
  service: 'careernav-api',
  type: 'security',
  ip: '::1',
  userAgent: 'Mozilla/5.0 (Windows NT 10.0; Win64; x64) AppleWebKit/537.36 (KHTML, like Gecko) Chrome/145.0.0.0 Safari/537.36',
  userId: undefined,
  url: '/api/v1/auth/login',
  method: 'POST',
  email: 'be@fixlsolutions.com',
  level: 'warn',
  message: 'Security event: Login attempt with non-existent email',
  timestamp: '2026-03-16 08:33:40'
}
{
  service: 'careernav-api',
  message: 'Client Error Invalid credentials',
  statusCode: 401,
  type: 'UnknownError',
  stack: 'Error: Invalid credentials\n' +
    '    at loginService (file:///C:/Users/vikas/OneDrive/Desktop/Major/server/src/services/auth.service.js:108:11)\n' +
    '    at process.processTicksAndRejections (node:internal/process/task_queues:105:5)\n' +
    '    at async file:///C:/Users/vikas/OneDrive/Desktop/Major/server/src/controllers/auth.controller.js:44:24',
  route: '/api/v1/auth/login',
  method: 'POST',
  ip: '::1',
  userAgent: 'Mozilla/5.0 (Windows NT 10.0; Win64; x64) AppleWebKit/537.36 (KHTML, like Gecko) Chrome/145.0.0.0 Safari/537.36',
  userId: undefined,
  body: { email: 'be@fixlsolutions.com', password: '12345678' },
  query: [Object: null prototype] {},
  params: {},
  timestamp: '2026-03-16 08:33:40',
  level: 'warn'
}
{
  service: 'careernav-api',
  type: 'security',
  ip: '::1',
  userAgent: 'Mozilla/5.0 (Windows NT 10.0; Win64; x64) AppleWebKit/537.36 (KHTML, like Gecko) Chrome/145.0.0.0 Safari/537.36',
  userId: undefined,
  url: '/api/v1/auth/login',
  method: 'POST',
  level: 'warn',
  message: 'Security violation: Invalid credentials',
  timestamp: '2026-03-16 08:33:40'
}
{
  service: 'careernav-api',
  type: 'request',
  method: 'POST',
  url: '/api/v1/auth/login',
  ip: '::1',
  userAgent: 'Mozilla/5.0 (Windows NT 10.0; Win64; x64) AppleWebKit/537.36 (KHTML, like Gecko) Chrome/145.0.0.0 Safari/537.36',
  userId: undefined,
  statusCode: 401,
  responseTime: '173ms',
  timestamp: '2026-03-16 08:33:40',
  level: 'warn',
  message: 'HTTP Error'
}
{
  service: 'careernav-api',
  message: 'Server Error next is not a function',
  statusCode: 500,
  type: 'UnknownError',
  stack: 'TypeError: next is not a function\n' +
    '    at model.<anonymous> (file:///C:/Users/vikas/OneDrive/Desktop/Major/server/src/models/Auth/User.model.js:91:3)\n' +
    '    at Kareem.execPre (C:\\Users\\vikas\\OneDrive\\Desktop\\Major\\server\\node_modules\\kareem\\index.js:63:39)\n' +
    '    at async model.$__save (C:\\Users\\vikas\\OneDrive\\Desktop\\Major\\server\\node_modules\\mongoose\\lib\\model.js:369:5)\n' +
    '    at async model.save (C:\\Users\\vikas\\OneDrive\\Desktop\\Major\\server\\node_modules\\mongoose\\lib\\model.js:609:5)\n' +
    '    at async C:\\Users\\vikas\\OneDrive\\Desktop\\Major\\server\\node_modules\\mongoose\\lib\\model.js:2722:9\n' +
    '    at async Promise.all (index 0)\n' +
    '    at async Function.create (C:\\Users\\vikas\\OneDrive\\Desktop\\Major\\server\\node_modules\\mongoose\\lib\\model.js:2707:11)\n' +
    '    at async registerService (file:///C:/Users/vikas/OneDrive/Desktop/Major/server/src/services/auth.service.js:36:16)\n' +
    '    at async file:///C:/Users/vikas/OneDrive/Desktop/Major/server/src/controllers/auth.controller.js:27:24',
  route: '/api/v1/auth/register',
  method: 'POST',
  ip: '::1',
  userAgent: 'Mozilla/5.0 (Windows NT 10.0; Win64; x64) AppleWebKit/537.36 (KHTML, like Gecko) Chrome/145.0.0.0 Safari/537.36',
  userId: undefined,
  body: {
    name: 'vikas',
    email: 'vikasfixel@gmail.com',
    password: 'Vikas_shr@2004',
    confirmPassword: 'Vikas_shr@2004'
  },
  query: [Object: null prototype] {},
  params: {},
  timestamp: '2026-03-16 08:34:29',
  level: 'error'
}
{
  service: 'careernav-api',
  type: 'request',
  method: 'POST',
  url: '/api/v1/auth/register',
  ip: '::1',
  userAgent: 'Mozilla/5.0 (Windows NT 10.0; Win64; x64) AppleWebKit/537.36 (KHTML, like Gecko) Chrome/145.0.0.0 Safari/537.36',
  userId: undefined,
  statusCode: 500,
  responseTime: '621ms',
  timestamp: '2026-03-16 08:34:29',
  level: 'warn',
  message: 'HTTP Error'
}
{
  service: 'careernav-api',
  message: 'Server Error next is not a function',
  statusCode: 500,
  type: 'UnknownError',
  stack: 'TypeError: next is not a function\n' +
    '    at model.<anonymous> (file:///C:/Users/vikas/OneDrive/Desktop/Major/server/src/models/Auth/User.model.js:91:3)\n' +
    '    at Kareem.execPre (C:\\Users\\vikas\\OneDrive\\Desktop\\Major\\server\\node_modules\\kareem\\index.js:63:39)\n' +
    '    at async model.$__save (C:\\Users\\vikas\\OneDrive\\Desktop\\Major\\server\\node_modules\\mongoose\\lib\\model.js:369:5)\n' +
    '    at async model.save (C:\\Users\\vikas\\OneDrive\\Desktop\\Major\\server\\node_modules\\mongoose\\lib\\model.js:609:5)\n' +
    '    at async C:\\Users\\vikas\\OneDrive\\Desktop\\Major\\server\\node_modules\\mongoose\\lib\\model.js:2722:9\n' +
    '    at async Promise.all (index 0)\n' +
    '    at async Function.create (C:\\Users\\vikas\\OneDrive\\Desktop\\Major\\server\\node_modules\\mongoose\\lib\\model.js:2707:11)\n' +
    '    at async registerService (file:///C:/Users/vikas/OneDrive/Desktop/Major/server/src/services/auth.service.js:36:16)\n' +
    '    at async file:///C:/Users/vikas/OneDrive/Desktop/Major/server/src/controllers/auth.controller.js:27:24',
  route: '/api/v1/auth/register',
  method: 'POST',
  ip: '::1',
  userAgent: 'Mozilla/5.0 (Windows NT 10.0; Win64; x64) AppleWebKit/537.36 (KHTML, like Gecko) Chrome/145.0.0.0 Safari/537.36',
  userId: undefined,
  body: {
    name: 'vikas',
    email: 'vikasfixel@gmail.com',
    password: 'Vikas_shr@2004',
    confirmPassword: 'Vikas_shr@2004'
  },
  query: [Object: null prototype] {},
  params: {},
  timestamp: '2026-03-16 08:35:25',
  level: 'error'
}
{
  service: 'careernav-api',
  type: 'request',
  method: 'POST',
  url: '/api/v1/auth/register',
  ip: '::1',
  userAgent: 'Mozilla/5.0 (Windows NT 10.0; Win64; x64) AppleWebKit/537.36 (KHTML, like Gecko) Chrome/145.0.0.0 Safari/537.36',
  userId: undefined,
  statusCode: 500,
  responseTime: '867ms',
  timestamp: '2026-03-16 08:35:25',
  level: 'warn',
  message: 'HTTP Error'
}
{
  service: 'careernav-api',
  message: 'Server Error next is not a function',
  statusCode: 500,
  type: 'UnknownError',
  stack: 'TypeError: next is not a function\n' +
    '    at model.<anonymous> (file:///C:/Users/vikas/OneDrive/Desktop/Major/server/src/models/Auth/User.model.js:91:3)\n' +
    '    at Kareem.execPre (C:\\Users\\vikas\\OneDrive\\Desktop\\Major\\server\\node_modules\\kareem\\index.js:63:39)\n' +
    '    at async model.$__save (C:\\Users\\vikas\\OneDrive\\Desktop\\Major\\server\\node_modules\\mongoose\\lib\\model.js:369:5)\n' +
    '    at async model.save (C:\\Users\\vikas\\OneDrive\\Desktop\\Major\\server\\node_modules\\mongoose\\lib\\model.js:609:5)\n' +
    '    at async C:\\Users\\vikas\\OneDrive\\Desktop\\Major\\server\\node_modules\\mongoose\\lib\\model.js:2722:9\n' +
    '    at async Promise.all (index 0)\n' +
    '    at async Function.create (C:\\Users\\vikas\\OneDrive\\Desktop\\Major\\server\\node_modules\\mongoose\\lib\\model.js:2707:11)\n' +
    '    at async registerService (file:///C:/Users/vikas/OneDrive/Desktop/Major/server/src/services/auth.service.js:36:16)\n' +
    '    at async file:///C:/Users/vikas/OneDrive/Desktop/Major/server/src/controllers/auth.controller.js:27:24',
  route: '/api/v1/auth/register',
  method: 'POST',
  ip: '::1',
  userAgent: 'Mozilla/5.0 (Windows NT 10.0; Win64; x64) AppleWebKit/537.36 (KHTML, like Gecko) Chrome/145.0.0.0 Safari/537.36',
  userId: undefined,
  body: {
    name: 'vikas',
    email: 'vikasfixel@gmail.com',
    password: 'Vikas_shr@2004',
    confirmPassword: 'Vikas_shr@2004'
  },
  query: [Object: null prototype] {},
  params: {},
  timestamp: '2026-03-16 08:35:59',
  level: 'error'
}
{
  service: 'careernav-api',
  type: 'request',
  method: 'POST',
  url: '/api/v1/auth/register',
  ip: '::1',
  userAgent: 'Mozilla/5.0 (Windows NT 10.0; Win64; x64) AppleWebKit/537.36 (KHTML, like Gecko) Chrome/145.0.0.0 Safari/537.36',
  userId: undefined,
  statusCode: 500,
  responseTime: '841ms',
  timestamp: '2026-03-16 08:35:59',
  level: 'warn',
  message: 'HTTP Error'
}
{
  service: 'careernav-api',
  message: 'Server Error next is not a function',
  statusCode: 500,
  type: 'UnknownError',
  stack: 'TypeError: next is not a function\n' +
    '    at model.<anonymous> (file:///C:/Users/vikas/OneDrive/Desktop/Major/server/src/models/Auth/User.model.js:91:3)\n' +
    '    at Kareem.execPre (C:\\Users\\vikas\\OneDrive\\Desktop\\Major\\server\\node_modules\\kareem\\index.js:63:39)\n' +
    '    at async model.$__save (C:\\Users\\vikas\\OneDrive\\Desktop\\Major\\server\\node_modules\\mongoose\\lib\\model.js:369:5)\n' +
    '    at async model.save (C:\\Users\\vikas\\OneDrive\\Desktop\\Major\\server\\node_modules\\mongoose\\lib\\model.js:609:5)\n' +
    '    at async C:\\Users\\vikas\\OneDrive\\Desktop\\Major\\server\\node_modules\\mongoose\\lib\\model.js:2722:9\n' +
    '    at async Promise.all (index 0)\n' +
    '    at async Function.create (C:\\Users\\vikas\\OneDrive\\Desktop\\Major\\server\\node_modules\\mongoose\\lib\\model.js:2707:11)\n' +
    '    at async registerService (file:///C:/Users/vikas/OneDrive/Desktop/Major/server/src/services/auth.service.js:38:16)\n' +
    '    at async file:///C:/Users/vikas/OneDrive/Desktop/Major/server/src/controllers/auth.controller.js:27:24',
  route: '/api/v1/auth/register',
  method: 'POST',
  ip: '::1',
  userAgent: 'Mozilla/5.0 (Windows NT 10.0; Win64; x64) AppleWebKit/537.36 (KHTML, like Gecko) Chrome/145.0.0.0 Safari/537.36',
  userId: undefined,
  body: {
    name: 'vikas',
    email: 'vikasfixel@gmail.com',
    password: 'Vikas_shr@2004',
    confirmPassword: 'Vikas_shr@2004'
  },
  query: [Object: null prototype] {},
  params: {},
  timestamp: '2026-03-16 08:37:58',
  level: 'error'
}
{
  service: 'careernav-api',
  type: 'request',
  method: 'POST',
  url: '/api/v1/auth/register',
  ip: '::1',
  userAgent: 'Mozilla/5.0 (Windows NT 10.0; Win64; x64) AppleWebKit/537.36 (KHTML, like Gecko) Chrome/145.0.0.0 Safari/537.36',
  userId: undefined,
  statusCode: 500,
  responseTime: '730ms',
  timestamp: '2026-03-16 08:37:58',
  level: 'warn',
  message: 'HTTP Error'
}
{
  service: 'careernav-api',
  ip: '::1',
  userAgent: 'Mozilla/5.0 (Windows NT 10.0; Win64; x64) AppleWebKit/537.36 (KHTML, like Gecko) Chrome/145.0.0.0 Safari/537.36',
  level: 'warn',
  message: '404 - GET /api/v1/roadmaps?limit=4',
  timestamp: '2026-03-16 09:19:34'
}
{
  service: 'careernav-api',
  type: 'request',
  method: 'GET',
  url: '/api/v1/roadmaps?limit=4',
  ip: '::1',
  userAgent: 'Mozilla/5.0 (Windows NT 10.0; Win64; x64) AppleWebKit/537.36 (KHTML, like Gecko) Chrome/145.0.0.0 Safari/537.36',
  userId: undefined,
  statusCode: 404,
  responseTime: '58ms',
  timestamp: '2026-03-16 09:19:34',
  level: 'warn',
  message: 'HTTP Error'
}
{
  service: 'careernav-api',
  ip: '::1',
  userAgent: 'Mozilla/5.0 (Windows NT 10.0; Win64; x64) AppleWebKit/537.36 (KHTML, like Gecko) Chrome/145.0.0.0 Safari/537.36',
  level: 'warn',
  message: '404 - GET /api/v1/roadmaps?limit=4',
  timestamp: '2026-03-16 09:19:34'
}
{
  service: 'careernav-api',
  type: 'request',
  method: 'GET',
  url: '/api/v1/roadmaps?limit=4',
  ip: '::1',
  userAgent: 'Mozilla/5.0 (Windows NT 10.0; Win64; x64) AppleWebKit/537.36 (KHTML, like Gecko) Chrome/145.0.0.0 Safari/537.36',
  userId: undefined,
  statusCode: 404,
  responseTime: '18ms',
  timestamp: '2026-03-16 09:19:34',
  level: 'warn',
  message: 'HTTP Error'
}
{
  service: 'careernav-api',
  ip: '::1',
  userAgent: 'Mozilla/5.0 (Windows NT 10.0; Win64; x64) AppleWebKit/537.36 (KHTML, like Gecko) Chrome/145.0.0.0 Safari/537.36',
  level: 'warn',
  message: '404 - GET /api/v1/roadmaps?page=1&limit=12',
  timestamp: '2026-03-16 09:19:55'
}
{
  service: 'careernav-api',
  type: 'request',
  method: 'GET',
  url: '/api/v1/roadmaps?page=1&limit=12',
  ip: '::1',
  userAgent: 'Mozilla/5.0 (Windows NT 10.0; Win64; x64) AppleWebKit/537.36 (KHTML, like Gecko) Chrome/145.0.0.0 Safari/537.36',
  userId: undefined,
  statusCode: 404,
  responseTime: '11ms',
  timestamp: '2026-03-16 09:19:55',
  level: 'warn',
  message: 'HTTP Error'
}
